Started by user [8mha:////4FdFTNm2sl/qnEDPPcLsvzeTUVugX2760Idix3pKR/bjAAAAlx+LCAAAAAAAAP9b85aBtbiIQTGjNKU4P08vOT+vOD8nVc83PyU1x6OyILUoJzMv2y+/JJUBAhiZGBgqihhk0NSjKDWzXb3RdlLBUSYGJk8GtpzUvPSSDB8G5tKinBIGIZ+sxLJE/ZzEvHT94JKizLx0a6BxUmjGOUNodHsLgAzWEgZu/dLi1CL9pMSUxBwAxvvkdMAAAAA=[0mbadal
Checking out git https://github.com/project-sunbird/secor.git into /var/lib/jenkins/workspace/Build/DataPipeline/Secor@script to read Jenkinsfile
No credentials specified
Cloning the remote Git repository
Using shallow clone with depth 1
Cloning repository https://github.com/project-sunbird/secor.git
 > git init /var/lib/jenkins/workspace/Build/DataPipeline/Secor@script # timeout=10
Fetching upstream changes from https://github.com/project-sunbird/secor.git
 > git --version # timeout=10
 > git fetch --tags --progress --depth=1 -- https://github.com/project-sunbird/secor.git +refs/heads/*:refs/remotes/origin/* # timeout=10
 > git config remote.origin.url https://github.com/project-sunbird/secor.git # timeout=10
 > git config --add remote.origin.fetch +refs/heads/*:refs/remotes/origin/* # timeout=10
 > git config remote.origin.url https://github.com/project-sunbird/secor.git # timeout=10
Using shallow fetch with depth 1
Fetching upstream changes from https://github.com/project-sunbird/secor.git
 > git fetch --tags --progress --depth=1 -- https://github.com/project-sunbird/secor.git +refs/heads/*:refs/remotes/origin/* # timeout=10
 > git rev-parse origin/secor-0.25^{commit} # timeout=10
Checking out Revision 544945c3a39baaaee560ebcf00f495d624938b59 (origin/secor-0.25)
 > git config core.sparsecheckout # timeout=10
 > git checkout -f 544945c3a39baaaee560ebcf00f495d624938b59 # timeout=10
Commit message: "Merge pull request #5 from project-sunbird/keshavprasadms-patch-2"
First time build. Skipping changelog.
Running in Durability level: MAX_SURVIVABILITY
[8mha:////4PugMnein+sXihMWkY7XsZH0x3Bu+wQz366dsjnbt+/qAAAAoh+LCAAAAAAAAP9tjTEOwjAQBM8BClpKHuFItIiK1krDC0x8GCfWnbEdkooX8TX+gCESFVvtrLSa5wtWKcKBo5UdUu8otU4GP9jS5Mixv3geZcdn2TIl9igbHBs2eJyx4YwwR1SwULBGaj0nRzbDRnX6rmuvydanHMu2V1A5c4MHCFXMWcf8hSnC9jqYxPTz/BXAFEIGsfuclm8zQVqFvQAAAA==[0m[Pipeline] Start of Pipeline
[8mha:////4PYRZjT/so6QdqLd8zl7zsnqZLKeUsmmY0NGO/Jx4sBbAAAApR+LCAAAAAAAAP9tjTEOwjAUQ3+KOrAycohUghExsUZZOEFIQkgb/d8mKe3EibgadyBQiQlLlmxL1nu+oE4RjhQdby12HpP2vA+jK4lPFLtroIm3dOGaMFGwXNpJkrGnpUrKFhaxClYC1hZ1oOTRZdiIVt1VExS65pxj2Q4CKm8GeAAThZxVzN8yR9jeRpMIf5y/AJj7DGxXvP/86jduZBmjwAAAAA==[0m[Pipeline] node
Running on [8mha:////4O+iEaOG7fIS9PeDGx86mz1ZvboqprsUifOaDfeD1TG8AAAAnh+LCAAAAAAAAP9b85aBtbiIQTGjNKU4P08vOT+vOD8nVc83PyU1x6OyILUoJzMv2y+/JJUBAhiZGBgqihhk0NSjKDWzXb3RdlLBUSYGJk8GtpzUvPSSDB8G5tKinBIGIZ+sxLJE/ZzEvHT94JKizLx0a6BxUmjGOUNodHsLgAz2EgZh/eT83ILSktQifY3cxGIgrakPAHib2iPIAAAA[0mJenkins in /var/lib/jenkins/workspace/Build/DataPipeline/Secor
[8mha:////4AlfgQt0ZCdAyOsdCRtt2iYZ7HveV9/kLmOxPq3ADUFoAAAApR+LCAAAAAAAAP9tjTEOwjAUQ3+KOrAycoh0gA0xsUZZOEFIQkgb/d8mKe3EibgadyBQiQlLlmxL1nu+oE4RjhQdby12HpP2vA+jK4lPFLtroIm3dOGaMFGwXNpJkrGnpUrKFhaxClYC1hZ1oOTRZdiIVt1VExS65pxj2Q4CKm8GeAAThZxVzN8yR9jeRpMIf5y/AJj7DGxXvP/86jfoP95RwAAAAA==[0m[Pipeline] {
[8mha:////4NMrpehYiJhOUS8upb4Ks9tOLsvuqN6wQDgwsWzxhKkmAAAApR+LCAAAAAAAAP9tjTEOwjAUQ3+KOrAycoh0gQkxsUZZOEFIQkgb/d8mKe3EibgadyBQiQlLlmxL1nu+oE4RjhQdby12HpP2vA+jK4lPFLtroIm3dOGaMFGwXNpJkrGnpUrKFhaxClYC1hZ1oOTRZdiIVt1VExS65pxj2Q4CKm8GeAAThZxVzN8yR9jeRpMIf5y/AJj7DGxXvP/86jc09154wAAAAA==[0m[Pipeline] ansiColor
[8mha:////4CsLrduLmLJCNhFfD81RAg0TNH17O0cYW9R2iyXZCejTAAAApR+LCAAAAAAAAP9tjTEOwjAUQ3+KOrAycoh0ggUxsUZZOEFIQkgb/d8mKe3EibgadyBQiQlLlmxL1nu+oE4RjhQdby12HpP2vA+jK4lPFLtroIm3dOGaMFGwXNpJkrGnpUrKFhaxClYC1hZ1oOTRZdiIVt1VExS65pxj2Q4CKm8GeAAThZxVzN8yR9jeRpMIf5y/AJj7DGxXvP/86jek7ggRwAAAAA==[0m[Pipeline] {
[8mha:////4JQHTvVwPIUhDKDFwqPtkgiWuypPxLfp5HXwGRUXhkiCAAAApR+LCAAAAAAAAP9tjTEOwjAUQ3+KOrAycoh0gwExsUZZOEFIQkgb/d8mKe3EibgadyBQiQlLlmxL1nu+oE4RjhQdby12HpP2vA+jK4lPFLtroIm3dOGaMFGwXNpJkrGnpUrKFhaxClYC1hZ1oOTRZdiIVt1VExS65pxj2Q4CKm8GeAAThZxVzN8yR9jeRpMIf5y/AJj7DGxXvP/86jcChmMxwAAAAA==[0m[Pipeline] stage
[8mha:////4BJ268Zmq9M5l1hP35SYvz1ZCiDnmehjAsRaWKvzJUk4AAAApR+LCAAAAAAAAP9tjTEOwjAUQ3+KOrAycoh0BAkxsUZZOEFIQkgb/d8mKe3EibgadyBQiQlLlmxL1nu+oE4RjhQdby12HpP2vA+jK4lPFLtroIm3dOGaMFGwXNpJkrGnpUrKFhaxClYC1hZ1oOTRZdiIVt1VExS65pxj2Q4CKm8GeAAThZxVzN8yR9jeRpMIf5y/AJj7DGxXvP/86jfpX/cvwAAAAA==[0m[Pipeline] { (Checkout)
[8mha:////4M506F3q5Np+QNfhdJ9G9pbdwN4MryWe1Y6Cmgk+8PATAAAAoh+LCAAAAAAAAP9tjTEOAiEURD9rLGwtPQTbaoyVLaHxBMgiwpL/WWDdrTyRV/MOEjexcpJJ5k3zXm9Y5wQnSpZ7g73DrB2PYbR18YlSfws0cU9XrgkzBcOlmSR15rygpGJgCWtgJWBjUAfKDm2BrfDqodqg0LaXkup3FNC4boAnMFHNRaXyhTnB7j52mfDn+SuAORZg+9pD/AAeoCAqvAAAAA==[0m[Pipeline] cleanWs
[WS-CLEANUP] Deleting project workspace...
[WS-CLEANUP] Deferred wipeout is used...
[WS-CLEANUP] done
[8mha:////4JVwA8cg3FUlZgnkw8qX/L52h9SFy4prEmzp1/9NOs1RAAAAox+LCAAAAAAAAP9tjTEOwjAQBDdBFLSUPMKBDglR0VppeIFJjHFi3QX7QlLxIr7GH4iIRMVWO9PM641lijhydKqx1HpKlVdd6N301MCxvQYeVMMXVTElDlaVdii5tqcZSxaLeVmOhcbKUhU4eXKCtW7MwxTBkCvOEid30Mh9fccTmZ7KYqJ8YYzY3Po6Mf06fwMYO0G2F+S7bfcBITL9lL0AAAA=[0m[Pipeline] checkout
No credentials specified
Cloning the remote Git repository
Using shallow clone with depth 1
Cloning repository https://github.com/project-sunbird/secor.git
 > git init /var/lib/jenkins/workspace/Build/DataPipeline/Secor # timeout=10
Fetching upstream changes from https://github.com/project-sunbird/secor.git
 > git --version # timeout=10
 > git fetch --tags --progress --depth=1 -- https://github.com/project-sunbird/secor.git +refs/heads/*:refs/remotes/origin/* # timeout=10
 > git config remote.origin.url https://github.com/project-sunbird/secor.git # timeout=10
 > git config --add remote.origin.fetch +refs/heads/*:refs/remotes/origin/* # timeout=10
 > git config remote.origin.url https://github.com/project-sunbird/secor.git # timeout=10
Using shallow fetch with depth 1
Fetching upstream changes from https://github.com/project-sunbird/secor.git
 > git fetch --tags --progress --depth=1 -- https://github.com/project-sunbird/secor.git +refs/heads/*:refs/remotes/origin/* # timeout=10
 > git rev-parse origin/secor-0.25^{commit} # timeout=10
Checking out Revision 544945c3a39baaaee560ebcf00f495d624938b59 (origin/secor-0.25)
 > git config core.sparsecheckout # timeout=10
 > git checkout -f 544945c3a39baaaee560ebcf00f495d624938b59 # timeout=10
Commit message: "Merge pull request #5 from project-sunbird/keshavprasadms-patch-2"
[8mha:////4Iwll+2DP2Jr63eKUO1LU4r7auMac3FYR83K/y++cA45AAAAox+LCAAAAAAAAP9tjbEOgjAURS8YB1dHP6KEzcQ4uTYsfkGFWgvNe9g+hMkv8tf8B4kkTt7pnrOc1xvrFHHk6FRrqfOUaq/6MLj5qZFjdw08qpYvqmZKHKyq7FhxY08LViwWy7IcK42NpTpw8uQEW92ahymCIVecJc7uoJH75o4nMj2XxUT5whSxuw1NYvp1/gYw9YJsL8jLsv8AYAPmjb0AAAA=[0m[Pipeline] checkout
No credentials specified
 > git rev-parse --is-inside-work-tree # timeout=10
Fetching changes from the remote Git repository
 > git config remote.origin.url https://github.com/project-sunbird/secor.git # timeout=10
Fetching upstream changes from https://github.com/project-sunbird/secor.git
 > git --version # timeout=10
 > git fetch --tags --progress -- https://github.com/project-sunbird/secor.git +refs/heads/*:refs/remotes/origin/* # timeout=10
 > git rev-parse refs/tags/secor-0.25^{commit} # timeout=10
 > git rev-parse refs/remotes/origin/refs/tags/secor-0.25^{commit} # timeout=10
Checking out Revision ef8b199b45108b5d2a6cc21fc2f0f5b55d93fb05 (refs/tags/secor-0.25)
 > git config core.sparsecheckout # timeout=10
 > git checkout -f ef8b199b45108b5d2a6cc21fc2f0f5b55d93fb05 # timeout=10
Commit message: "Merge pull request #4 from sowmya-dixit/secor-0.25"
First time build. Skipping changelog.
[8mha:////4E4iV6h1FA1Fdb1cVecvvCJ7nXSS/GaF7JxvWu8Mm1D8AAAAox+LCAAAAAAAAP9tjTEOwjAQBDdBFLSUPMIRVEiIitZKwwtMYowT6y7YF5KKF/E1/kBEJCq22plmXm8sU8SRo1ONpdZTqrzqQu+mpwaO7TXwoBq+qIopcbCqtEPJtT3NWLJYzMtyLDRWlqrAyZMTrHVjHqYIhlxxlji5g0bu6zueyPRUFhPlC2PE5tbXienX+RvA2AmyvSDf7roPo1DLpr0AAAA=[0m[Pipeline] echo
[1m[33mTag specified, building from tag: secor-0.25[0m
[8mha:////4OaX89T3Ni7mNRdlxF7OcrnubHrd6IUWVVhIDH7aaRWnAAAApB+LCAAAAAAAAP9tjTEOwjAQBDdBFLSUPMIRokFCVLRWGl5gEmOcWHfBvpBUvIiv8QciIlGx1c4083pjmSKOHJ1qLLWeUuVVF3o3PTVwbK+BB9XwRVVMiYNVpR1Kru1pxpLFYl6WY6GxslQFTp6cYK0b8zBFMOSKs8TJHTRyX9/xRKanspgoXxgjNre+Tky/zt8Axk6Q7QX5dtd9AOJh0L+9AAAA[0m[Pipeline] echo
artifact_version: secor-0.25
[8mha:////4PYtDQyMGo28J1lEGkgVpAZp3JfuH6y90IDDVh3qdR1nAAAApB+LCAAAAAAAAP9tjTEOwjAQBDdBFLSUPMIREgUSoqK10vACkxjjxLoL9oWk4kV8jT8QEYmKrXammdcbyxRx5OhUY6n1lCqvutC76amBY3sNPKiGL6piShysKu1Qcm1PM5YsFvOyHAuNlaUqcPLkBGvdmIcpgiFXnCVO7qCR+/qOJzI9lcVE+cIYsbn1dWL6df4GMHadIN/uBNn+A27Bcy69AAAA[0m[Pipeline] }
[8mha:////4Ebxo7myEUtZ9eCTGF7UIiGyY9T3iigYSd8wjuVSlbc4AAAApB+LCAAAAAAAAP9tjTEOwjAQBDdBFLSUPMIRBaJAVLRWGl5gEmOcWHfBvpBUvIiv8QciIlGx1c4083pjmSKOHJ1qLLWeUuVVF3o3PTVwbK+BB9XwRVVMiYNVpR1Kru1pxpLFYl6WY6GxslQFTp6cYK0b8zBFMOSKs8TJHTRyX9/xRKanspgoXxgjNre+Tky/zt8Axq4T5NudINt/AE/1rIO9AAAA[0m[Pipeline] // stage
[8mha:////4F1P7YnVEyxFNaPD/A5GyfdKe6cdQI0NrZgiZPxbs5tDAAAAox+LCAAAAAAAAP9tjTESgjAQRT84FraWHiKMDY1jZZuh8QQRYgxkdjFZhMoTeTXvICMzVv7qv9e81xvrFHHk6FRrqfOUaq/6MLj5qZFjdw08qpYvqmZKHKyq7FhxY08LViwWy7IcK42NpTpw8uQEW92ahymCIVecJc7uoJH75o4nMj2XxUT5whSxuw1NYvp1/gYw9b0g35eCrPwACb8Ls70AAAA=[0m[Pipeline] }
[8mha:////4Eynjv9QuMbD38he7dmW6M5lAD9RvyTwS6yxgfLgCy64AAAApB+LCAAAAAAAAP9tjTEOwjAQBDdBFLSUPMIRBaJAVLRWGl5gEmOcWHfBvpBUvIiv8QciIlGx1c4083pjmSKOHJ1qLLWeUuVVF3o3PTVwbK+BB9XwRVVMiYNVpR1Kru1pxpLFYl6WY6GxslQFTp6cYK0b8zBFMOSKs8TJHTRyX9/xRKanspgoXxgjNre+Tky/zt8Axq4T5Nu9INt9AAPHYhe9AAAA[0m[Pipeline] // ansiColor
[8mha:////4PVzLC3dNXWSwP2X65ZaMn3WfM1cEWR5gm3gc+Hrr1TOAAAApx+LCAAAAAAAAP9tjTEOwjAQBM9BKWgpeYQjJAokREVrueEFJjbGiXUX7AtJxYv4Gn8gEImKrXZWWs3zBWVOcKDkZeOwDZjrILvY+6nJgVJ7iTTIhs6yJswUndRu0GTdcUZN7GCOKGChYOmwjpQDeoaVaszdVNGgr06cpm2voAj2Bg8QajKzSfyFMcH62ttM+PP8FcDYMYgtQ7HZfY7lG9tmeb3BAAAA[0m[Pipeline] stage
[8mha:////4OP2oL7AlkFd4k9YH0EKHzY25G8Wr8vYQ+EzKeBaMoJUAAAApx+LCAAAAAAAAP9tjTEOwjAUQ3+LOrAycohUbCDE1DXKwglCE0La6P/yk9JOnIircQdaKjHhwbItWe/1hiIynIidaCy2HmPtRRd6NyUxELfXQINo6CJqwkjBCmUHRcZWS1WULCzKclhJWFusA0WPLsFGNvqhy6DRlefE03aUkHtzhydkciInzelbRobtrTeR8Mf5C4CxS5Dv9rMd5mfxASnCIIrCAAAA[0m[Pipeline] { (Build)
[8mha:////4MFZS0yxVPmglsFrZafh/VYwmIGAEcd65DmleTNGCHiZAAAApB+LCAAAAAAAAP9tjTEOwjAQBC9BFLSUPOICdAilorXc8AKTGOPEugu2g1PxIr7GH7CIRMUWq51t5vWGZfBQszfYaeothcbi4EaTFyb2/dVxwo4v2DAFdhqlTpJbfZpRctQwpyhhIWClqXEcLJkIa9Gph6qcIlOdo8/fUUBp2zs8oRDZHJWPX5g8bG5jG5h+nr8CmIYI5e6Qa78dPhmQ9Da+AAAA[0m[Pipeline] sh
+ mvn clean install
[[1;34mINFO[m] Scanning for projects...
[[1;33mWARNING[m] 
[[1;33mWARNING[m] Some problems were encountered while building the effective model for com.pinterest:secor:jar:0.25-SNAPSHOT
[[1;33mWARNING[m] 'build.plugins.plugin.(groupId:artifactId)' must be unique but found duplicate declaration of plugin org.codehaus.mojo:exec-maven-plugin @ line 369, column 21
[[1;33mWARNING[m] 'build.plugins.plugin.version' for org.apache.maven.plugins:maven-compiler-plugin is missing. @ line 539, column 21
[[1;33mWARNING[m] 
[[1;33mWARNING[m] It is highly recommended to fix these problems because they threaten the stability of your build.
[[1;33mWARNING[m] 
[[1;33mWARNING[m] For this reason, future Maven versions might no longer support building such malformed projects.
[[1;33mWARNING[m] 
[[1;34mINFO[m] Inspecting build with total of 1 modules...
[[1;34mINFO[m] Installing Nexus Staging features:
[[1;34mINFO[m]   ... total of 1 executions of maven-deploy-plugin replaced with nexus-staging-maven-plugin
[[1;34mINFO[m] 
[[1;34mINFO[m] [1m------------------------< [0;36mcom.pinterest:secor[0;1m >-------------------------[m
[[1;34mINFO[m] [1mBuilding secor 0.25-SNAPSHOT[m
[[1;34mINFO[m] [1m--------------------------------[ jar ]---------------------------------[m
Downloading from Twitter public Maven repo: http://maven.twttr.com/commons-codec/commons-codec/maven-metadata.xml
Downloading from Typesafe public Maven repo: http://repo.typesafe.com/typesafe/releases/commons-codec/commons-codec/maven-metadata.xml
Downloading from Twitter public Maven repo: http://maven.twttr.com/commons-codec/commons-codec/1.12/commons-codec-1.12.pom
Downloading from Typesafe public Maven repo: http://repo.typesafe.com/typesafe/releases/commons-codec/commons-codec/1.12/commons-codec-1.12.pom
Downloading from central: https://repo.maven.apache.org/maven2/commons-codec/commons-codec/1.12/commons-codec-1.12.pom
Downloaded from central: https://repo.maven.apache.org/maven2/commons-codec/commons-codec/1.12/commons-codec-1.12.pom (0 B at 0 B/s)
Downloading from Twitter public Maven repo: http://maven.twttr.com/commons-codec/commons-codec/1.13/commons-codec-1.13.pom
Downloading from Typesafe public Maven repo: http://repo.typesafe.com/typesafe/releases/commons-codec/commons-codec/1.13/commons-codec-1.13.pom
Downloading from central: https://repo.maven.apache.org/maven2/commons-codec/commons-codec/1.13/commons-codec-1.13.pom
Downloaded from central: https://repo.maven.apache.org/maven2/commons-codec/commons-codec/1.13/commons-codec-1.13.pom (0 B at 0 B/s)
Downloading from Twitter public Maven repo: http://maven.twttr.com/commons-codec/commons-codec/1.14/commons-codec-1.14.pom
Downloading from Typesafe public Maven repo: http://repo.typesafe.com/typesafe/releases/commons-codec/commons-codec/1.14/commons-codec-1.14.pom
Downloading from central: https://repo.maven.apache.org/maven2/commons-codec/commons-codec/1.14/commons-codec-1.14.pom
Downloaded from central: https://repo.maven.apache.org/maven2/commons-codec/commons-codec/1.14/commons-codec-1.14.pom (0 B at 0 B/s)
Downloading from Twitter public Maven repo: http://maven.twttr.com/org/apache/commons/commons-parent/50/commons-parent-50.pom
Downloading from Typesafe public Maven repo: http://repo.typesafe.com/typesafe/releases/org/apache/commons/commons-parent/50/commons-parent-50.pom
Downloading from central: https://repo.maven.apache.org/maven2/org/apache/commons/commons-parent/50/commons-parent-50.pom
Downloaded from central: https://repo.maven.apache.org/maven2/org/apache/commons/commons-parent/50/commons-parent-50.pom (0 B at 0 B/s)
Downloading from central: https://repo.maven.apache.org/maven2/commons-codec/commons-codec/1.14/commons-codec-1.14.jar
Downloaded from central: https://repo.maven.apache.org/maven2/commons-codec/commons-codec/1.14/commons-codec-1.14.jar (0 B at 0 B/s)
[[1;34mINFO[m] 
[[1;34mINFO[m] [1m--- [0;32mmaven-clean-plugin:2.5:clean[m [1m(default-clean)[m @ [36msecor[0;1m ---[m
[[1;34mINFO[m] 
[[1;34mINFO[m] [1m--- [0;32mmaven-finagle-thrift-plugin:0.0.9:compile[m [1m(thrift-sources)[m @ [36msecor[0;1m ---[m
[[1;34mINFO[m] compiling thrift files [/var/lib/jenkins/workspace/Build/DataPipeline/Secor/src/main/thrift/secor.thrift] with generators [finagle]
[[1;34mINFO[m] copying /thrift/thrift-finagle.linux64 to /tmp/thrift-finagle188892654116162931
[[1;34mINFO[m] running [-o, /var/lib/jenkins/workspace/Build/DataPipeline/Secor/target/generated-sources/thrift, --gen, java, /var/lib/jenkins/workspace/Build/DataPipeline/Secor/src/main/thrift/secor.thrift]
[[1;34mINFO[m] 
[[1;34mINFO[m] [1m--- [0;32mmaven-resources-plugin:2.6:resources[m [1m(default-resources)[m @ [36msecor[0;1m ---[m
[[1;34mINFO[m] Using 'UTF-8' encoding to copy filtered resources.
[[1;34mINFO[m] Copying 19 resources
[[1;34mINFO[m] Copying 1 resource
[[1;34mINFO[m] skip non existing resourceDirectory /var/lib/jenkins/workspace/Build/DataPipeline/Secor/target/generated-resources
[[1;34mINFO[m] 
[[1;34mINFO[m] [1m--- [0;32mmaven-compiler-plugin:3.1:compile[m [1m(default-compile)[m @ [36msecor[0;1m ---[m
[[1;34mINFO[m] Changes detected - recompiling the module!
[[1;34mINFO[m] Compiling 88 source files to /var/lib/jenkins/workspace/Build/DataPipeline/Secor/target/classes
[[1;33mWARNING[m] /var/lib/jenkins/workspace/Build/DataPipeline/Secor/src/main/java/com/pinterest/secor/tools/TestLogMessageProducer.java: Some input files use or override a deprecated API.
[[1;33mWARNING[m] /var/lib/jenkins/workspace/Build/DataPipeline/Secor/src/main/java/com/pinterest/secor/tools/TestLogMessageProducer.java: Recompile with -Xlint:deprecation for details.
[[1;33mWARNING[m] /var/lib/jenkins/workspace/Build/DataPipeline/Secor/src/main/java/com/pinterest/secor/parser/QuboleClient.java: Some input files use unchecked or unsafe operations.
[[1;33mWARNING[m] /var/lib/jenkins/workspace/Build/DataPipeline/Secor/src/main/java/com/pinterest/secor/parser/QuboleClient.java: Recompile with -Xlint:unchecked for details.
[[1;34mINFO[m] 
[[1;34mINFO[m] [1m--- [0;32mexec-maven-plugin:1.1:exec[m [1m(default)[m @ [36msecor[0;1m ---[m
[[1;34mINFO[m] 
[[1;34mINFO[m] [1m--- [0;32mprotoc-jar-maven-plugin:3.1.0:run[m [1m(protobuf-test-sources)[m @ [36msecor[0;1m ---[m
[[1;34mINFO[m] Protoc version: 3.1.0
protoc-jar: protoc version: 310, detected platform: linux/amd64
[[1;34mINFO[m] Protoc command: /tmp/protocjar817930859543246462/bin/protoc.exe
[[1;34mINFO[m] Input directories:
[[1;34mINFO[m]     /var/lib/jenkins/workspace/Build/DataPipeline/Secor/src/test/protobuf
[[1;34mINFO[m] Include directories:
[[1;34mINFO[m]     /tmp/protocjar817930859543246462/include
[[1;34mINFO[m]     /var/lib/jenkins/workspace/Build/DataPipeline/Secor/src/test/protobuf
[[1;34mINFO[m] Output targets:
[[1;34mINFO[m]     java: /var/lib/jenkins/workspace/Build/DataPipeline/Secor/target/generated-test-sources/protobuf/gen-java (add: none, clean: false, plugin: null, outputOptions: null)
[[1;34mINFO[m] /var/lib/jenkins/workspace/Build/DataPipeline/Secor/target/generated-test-sources/protobuf/gen-java does not exist. Creating...
[[1;34mINFO[m]     Processing (java): unittest.proto
protoc-jar: executing: [/tmp/protocjar817930859543246462/bin/protoc.exe, -I/tmp/protocjar817930859543246462/include, -I/var/lib/jenkins/workspace/Build/DataPipeline/Secor/src/test/protobuf, -I/var/lib/jenkins/workspace/Build/DataPipeline/Secor/src/test/protobuf, --java_out=/var/lib/jenkins/workspace/Build/DataPipeline/Secor/target/generated-test-sources/protobuf/gen-java, /var/lib/jenkins/workspace/Build/DataPipeline/Secor/src/test/protobuf/unittest.proto]
[[1;34mINFO[m]     Processing (java): unittesttimestamp.proto
protoc-jar: executing: [/tmp/protocjar817930859543246462/bin/protoc.exe, -I/tmp/protocjar817930859543246462/include, -I/var/lib/jenkins/workspace/Build/DataPipeline/Secor/src/test/protobuf, -I/var/lib/jenkins/workspace/Build/DataPipeline/Secor/src/test/protobuf, --java_out=/var/lib/jenkins/workspace/Build/DataPipeline/Secor/target/generated-test-sources/protobuf/gen-java, /var/lib/jenkins/workspace/Build/DataPipeline/Secor/src/test/protobuf/unittesttimestamp.proto]
[[1;34mINFO[m] 
[[1;34mINFO[m] [1m--- [0;32mbuild-helper-maven-plugin:1.10:add-test-source[m [1m(add-test-sources)[m @ [36msecor[0;1m ---[m
[[1;34mINFO[m] Test Source directory: /var/lib/jenkins/workspace/Build/DataPipeline/Secor/target/generated-test-sources/protobuf/gen-java added.
[[1;34mINFO[m] 
[[1;34mINFO[m] [1m--- [0;32mmaven-finagle-thrift-plugin:0.0.9:testCompile[m [1m(thrift-test-sources)[m @ [36msecor[0;1m ---[m
[[1;34mINFO[m] compiling thrift files [/var/lib/jenkins/workspace/Build/DataPipeline/Secor/src/test/thrift/unittest.thrift] with generators [finagle]
[[1;34mINFO[m] copying /thrift/thrift-finagle.linux64 to /tmp/thrift-finagle524505624352140941
[[1;34mINFO[m] running [-o, /var/lib/jenkins/workspace/Build/DataPipeline/Secor/target/generated-test-sources/thrift, --gen, java, /var/lib/jenkins/workspace/Build/DataPipeline/Secor/src/test/thrift/unittest.thrift]
[[1;34mINFO[m] 
[[1;34mINFO[m] [1m--- [0;32mmaven-resources-plugin:2.6:testResources[m [1m(default-testResources)[m @ [36msecor[0;1m ---[m
[[1;34mINFO[m] Using 'UTF-8' encoding to copy filtered resources.
[[1;34mINFO[m] Copying 6 resources
[[1;34mINFO[m] 
[[1;34mINFO[m] [1m--- [0;32mmaven-compiler-plugin:3.1:testCompile[m [1m(default-testCompile)[m @ [36msecor[0;1m ---[m
[[1;34mINFO[m] Changes detected - recompiling the module!
[[1;34mINFO[m] Compiling 32 source files to /var/lib/jenkins/workspace/Build/DataPipeline/Secor/target/test-classes
[[1;33mWARNING[m] /var/lib/jenkins/workspace/Build/DataPipeline/Secor/src/test/java/com/pinterest/secor/common/LogFilePathTest.java: Some input files use or override a deprecated API.
[[1;33mWARNING[m] /var/lib/jenkins/workspace/Build/DataPipeline/Secor/src/test/java/com/pinterest/secor/common/LogFilePathTest.java: Recompile with -Xlint:deprecation for details.
[[1;34mINFO[m] 
[[1;34mINFO[m] [1m--- [0;32mmaven-surefire-plugin:2.12.4:test[m [1m(default-test)[m @ [36msecor[0;1m ---[m
[[1;34mINFO[m] Surefire report directory: /var/lib/jenkins/workspace/Build/DataPipeline/Secor/target/surefire-reports

-------------------------------------------------------
 T E S T S
-------------------------------------------------------
Running com.pinterest.secor.monitoring.OstrichMetricCollectorTest
Tests run: 4, Failures: 0, Errors: 0, Skipped: 0, Time elapsed: 3.362 sec
Running com.pinterest.secor.uploader.UploaderTest
log4j:WARN No such property [maxFileSize] in org.apache.log4j.DailyRollingFileAppender.
log4j:WARN No such property [maxBackupIndex] in org.apache.log4j.DailyRollingFileAppender.
log4j:ERROR setFile(null,true) call failed.
java.io.FileNotFoundException: /mount/secor/logs/.log (No such file or directory)
	at java.io.FileOutputStream.open0(Native Method)
	at java.io.FileOutputStream.open(FileOutputStream.java:270)
	at java.io.FileOutputStream.<init>(FileOutputStream.java:213)
	at java.io.FileOutputStream.<init>(FileOutputStream.java:133)
	at org.apache.log4j.FileAppender.setFile(FileAppender.java:294)
	at org.apache.log4j.FileAppender.activateOptions(FileAppender.java:165)
	at org.apache.log4j.DailyRollingFileAppender.activateOptions(DailyRollingFileAppender.java:223)
	at org.apache.log4j.config.PropertySetter.activate(PropertySetter.java:307)
	at org.apache.log4j.config.PropertySetter.setProperties(PropertySetter.java:172)
	at org.apache.log4j.config.PropertySetter.setProperties(PropertySetter.java:104)
	at org.apache.log4j.PropertyConfigurator.parseAppender(PropertyConfigurator.java:842)
	at org.apache.log4j.PropertyConfigurator.parseCategory(PropertyConfigurator.java:768)
	at org.apache.log4j.PropertyConfigurator.configureRootCategory(PropertyConfigurator.java:648)
	at org.apache.log4j.PropertyConfigurator.doConfigure(PropertyConfigurator.java:514)
	at org.apache.log4j.PropertyConfigurator.doConfigure(PropertyConfigurator.java:580)
	at org.apache.log4j.helpers.OptionConverter.selectAndConfigure(OptionConverter.java:526)
	at org.apache.log4j.LogManager.<clinit>(LogManager.java:127)
	at org.slf4j.impl.Log4jLoggerFactory.getLogger(Log4jLoggerFactory.java:64)
	at org.slf4j.LoggerFactory.getLogger(LoggerFactory.java:270)
	at org.slf4j.LoggerFactory.getLogger(LoggerFactory.java:281)
	at com.pinterest.secor.common.OffsetTracker.<clinit>(OffsetTracker.java:30)
	at sun.reflect.GeneratedSerializationConstructorAccessor13.newInstance(Unknown Source)
	at java.lang.reflect.Constructor.newInstance(Constructor.java:423)
	at org.objenesis.instantiator.sun.SunReflectionFactoryInstantiator.newInstance(SunReflectionFactoryInstantiator.java:40)
	at org.objenesis.ObjenesisBase.newInstance(ObjenesisBase.java:59)
	at org.mockito.internal.creation.jmock.ClassImposterizer.createProxy(ClassImposterizer.java:128)
	at org.mockito.internal.creation.jmock.ClassImposterizer.imposterise(ClassImposterizer.java:63)
	at org.mockito.internal.creation.jmock.ClassImposterizer.imposterise(ClassImposterizer.java:56)
	at org.mockito.internal.creation.CglibMockMaker.createMock(CglibMockMaker.java:23)
	at org.powermock.api.mockito.internal.mockmaker.PowerMockMaker.createMock(PowerMockMaker.java:43)
	at org.mockito.internal.util.MockUtil.createMock(MockUtil.java:26)
	at org.mockito.internal.MockitoCore.mock(MockitoCore.java:51)
	at org.mockito.Mockito.mock(Mockito.java:1243)
	at org.mockito.Mockito.mock(Mockito.java:1120)
	at com.pinterest.secor.uploader.UploaderTest.setUp(UploaderTest.java:100)
	at sun.reflect.NativeMethodAccessorImpl.invoke0(Native Method)
	at sun.reflect.NativeMethodAccessorImpl.invoke(NativeMethodAccessorImpl.java:62)
	at sun.reflect.DelegatingMethodAccessorImpl.invoke(DelegatingMethodAccessorImpl.java:43)
	at java.lang.reflect.Method.invoke(Method.java:498)
	at org.powermock.reflect.internal.WhiteboxImpl.performMethodInvocation(WhiteboxImpl.java:2014)
	at org.powermock.reflect.internal.WhiteboxImpl.doInvokeMethod(WhiteboxImpl.java:885)
	at org.powermock.reflect.internal.WhiteboxImpl.invokeMethod(WhiteboxImpl.java:713)
	at org.powermock.reflect.Whitebox.invokeMethod(Whitebox.java:401)
	at org.powermock.modules.junit4.internal.impl.PowerMockJUnit44RunnerDelegateImpl$PowerMockJUnit44MethodRunner.runTestMethod(PowerMockJUnit44RunnerDelegateImpl.java:307)
	at org.junit.internal.runners.MethodRoadie$2.run(MethodRoadie.java:88)
	at org.junit.internal.runners.MethodRoadie.runBeforesThenTestThenAfters(MethodRoadie.java:96)
	at org.powermock.modules.junit4.internal.impl.PowerMockJUnit44RunnerDelegateImpl$PowerMockJUnit44MethodRunner.executeTest(PowerMockJUnit44RunnerDelegateImpl.java:294)
	at org.powermock.modules.junit4.internal.impl.PowerMockJUnit47RunnerDelegateImpl$PowerMockJUnit47MethodRunner.executeTestInSuper(PowerMockJUnit47RunnerDelegateImpl.java:127)
	at org.powermock.modules.junit4.internal.impl.PowerMockJUnit47RunnerDelegateImpl$PowerMockJUnit47MethodRunner.executeTest(PowerMockJUnit47RunnerDelegateImpl.java:82)
	at org.powermock.modules.junit4.internal.impl.PowerMockJUnit44RunnerDelegateImpl$PowerMockJUnit44MethodRunner.runBeforesThenTestThenAfters(PowerMockJUnit44RunnerDelegateImpl.java:282)
	at org.junit.internal.runners.MethodRoadie.runTest(MethodRoadie.java:86)
	at org.junit.internal.runners.MethodRoadie.run(MethodRoadie.java:49)
	at org.powermock.modules.junit4.internal.impl.PowerMockJUnit44RunnerDelegateImpl.invokeTestMethod(PowerMockJUnit44RunnerDelegateImpl.java:207)
	at org.powermock.modules.junit4.internal.impl.PowerMockJUnit44RunnerDelegateImpl.runMethods(PowerMockJUnit44RunnerDelegateImpl.java:146)
	at org.powermock.modules.junit4.internal.impl.PowerMockJUnit44RunnerDelegateImpl$1.run(PowerMockJUnit44RunnerDelegateImpl.java:120)
	at org.junit.internal.runners.ClassRoadie.runUnprotected(ClassRoadie.java:33)
	at org.junit.internal.runners.ClassRoadie.runProtected(ClassRoadie.java:45)
	at org.powermock.modules.junit4.internal.impl.PowerMockJUnit44RunnerDelegateImpl.run(PowerMockJUnit44RunnerDelegateImpl.java:118)
	at org.powermock.modules.junit4.common.internal.impl.JUnit4TestSuiteChunkerImpl.run(JUnit4TestSuiteChunkerImpl.java:101)
	at org.powermock.modules.junit4.common.internal.impl.AbstractCommonPowerMockRunner.run(AbstractCommonPowerMockRunner.java:53)
	at org.powermock.modules.junit4.PowerMockRunner.run(PowerMockRunner.java:53)
	at org.apache.maven.surefire.junit4.JUnit4Provider.execute(JUnit4Provider.java:252)
	at org.apache.maven.surefire.junit4.JUnit4Provider.executeTestSet(JUnit4Provider.java:141)
	at org.apache.maven.surefire.junit4.JUnit4Provider.invoke(JUnit4Provider.java:112)
	at sun.reflect.NativeMethodAccessorImpl.invoke0(Native Method)
	at sun.reflect.NativeMethodAccessorImpl.invoke(NativeMethodAccessorImpl.java:62)
	at sun.reflect.DelegatingMethodAccessorImpl.invoke(DelegatingMethodAccessorImpl.java:43)
	at java.lang.reflect.Method.invoke(Method.java:498)
	at org.apache.maven.surefire.util.ReflectionUtils.invokeMethodWithArray(ReflectionUtils.java:189)
	at org.apache.maven.surefire.booter.ProviderFactory$ProviderProxy.invoke(ProviderFactory.java:165)
	at org.apache.maven.surefire.booter.ProviderFactory.invokeProvider(ProviderFactory.java:85)
	at org.apache.maven.surefire.booter.ForkedBooter.runSuitesInProcess(ForkedBooter.java:115)
	at org.apache.maven.surefire.booter.ForkedBooter.main(ForkedBooter.java:75)
log4j:ERROR Either File or DatePattern options are not set for appender [ROLLINGFILE].
2020-04-18 10:13:09,389 [main] (com.pinterest.secor.uploader.Uploader:102) INFO  uploading topic some_topic partition 0
2020-04-18 10:13:09,436 [main] (com.pinterest.secor.uploader.HadoopS3UploadManager:60) INFO  uploading file /some_parent_dir/some_topic/some_partition/some_other_partition/10_0_00000000000000000010 to s3a://some_bucket/some_s3_parent_dir/some_topic/some_partition/some_other_partition/10_0_00000000000000000010
2020-04-18 10:13:09,553 [main] (com.pinterest.secor.uploader.Uploader:102) INFO  uploading topic some_topic partition 0
2020-04-18 10:13:09,559 [main] (com.pinterest.secor.uploader.HadoopS3UploadManager:60) INFO  uploading file /some_parent_dir/some_topic/some_partition/some_other_partition/10_0_00000000000000000010 to s3a://some_bucket/some_s3_parent_dir/some_topic/some_partition/some_other_partition/10_0_00000000000000000010
2020-04-18 10:13:09,681 [main] (com.pinterest.secor.uploader.Uploader:181) INFO  trimmed 1 messages from /some_parent_dir/some_topic/some_partition/some_other_partition/10_0_00000000000000000010 to /some_parent_dir/some_message_dir/some_topic/some_partition/some_other_partition/10_0_00000000000000000021 with start offset 21
Tests run: 4, Failures: 0, Errors: 0, Skipped: 0, Time elapsed: 4.084 sec
Running com.pinterest.secor.parser.JsonMessageParserTest
log4j:WARN No such property [maxFileSize] in org.apache.log4j.DailyRollingFileAppender.
log4j:WARN No such property [maxBackupIndex] in org.apache.log4j.DailyRollingFileAppender.
log4j:ERROR setFile(null,true) call failed.
java.io.FileNotFoundException: /mount/secor/logs/.log (No such file or directory)
	at java.io.FileOutputStream.open0(Native Method)
	at java.io.FileOutputStream.open(FileOutputStream.java:270)
	at java.io.FileOutputStream.<init>(FileOutputStream.java:213)
	at java.io.FileOutputStream.<init>(FileOutputStream.java:133)
	at org.apache.log4j.FileAppender.setFile(FileAppender.java:294)
	at org.apache.log4j.FileAppender.activateOptions(FileAppender.java:165)
	at org.apache.log4j.DailyRollingFileAppender.activateOptions(DailyRollingFileAppender.java:223)
	at org.apache.log4j.config.PropertySetter.activate(PropertySetter.java:307)
	at org.apache.log4j.config.PropertySetter.setProperties(PropertySetter.java:172)
	at org.apache.log4j.config.PropertySetter.setProperties(PropertySetter.java:104)
	at org.apache.log4j.PropertyConfigurator.parseAppender(PropertyConfigurator.java:842)
	at org.apache.log4j.PropertyConfigurator.parseCategory(PropertyConfigurator.java:768)
	at org.apache.log4j.PropertyConfigurator.configureRootCategory(PropertyConfigurator.java:648)
	at org.apache.log4j.PropertyConfigurator.doConfigure(PropertyConfigurator.java:514)
	at org.apache.log4j.PropertyConfigurator.doConfigure(PropertyConfigurator.java:580)
	at org.apache.log4j.helpers.OptionConverter.selectAndConfigure(OptionConverter.java:526)
	at org.apache.log4j.LogManager.<clinit>(LogManager.java:127)
	at org.slf4j.impl.Log4jLoggerFactory.getLogger(Log4jLoggerFactory.java:64)
	at org.slf4j.LoggerFactory.getLogger(LoggerFactory.java:270)
	at org.slf4j.LoggerFactory.getLogger(LoggerFactory.java:281)
	at com.pinterest.secor.parser.MessageParser.<clinit>(MessageParser.java:41)
	at com.pinterest.secor.parser.JsonMessageParserTest.setUp(JsonMessageParserTest.java:50)
	at sun.reflect.NativeMethodAccessorImpl.invoke0(Native Method)
	at sun.reflect.NativeMethodAccessorImpl.invoke(NativeMethodAccessorImpl.java:62)
	at sun.reflect.DelegatingMethodAccessorImpl.invoke(DelegatingMethodAccessorImpl.java:43)
	at java.lang.reflect.Method.invoke(Method.java:498)
	at org.powermock.reflect.internal.WhiteboxImpl.performMethodInvocation(WhiteboxImpl.java:2014)
	at org.powermock.reflect.internal.WhiteboxImpl.doInvokeMethod(WhiteboxImpl.java:885)
	at org.powermock.reflect.internal.WhiteboxImpl.invokeMethod(WhiteboxImpl.java:713)
	at org.powermock.reflect.Whitebox.invokeMethod(Whitebox.java:401)
	at org.powermock.modules.junit4.internal.impl.PowerMockJUnit44RunnerDelegateImpl$PowerMockJUnit44MethodRunner.runTestMethod(PowerMockJUnit44RunnerDelegateImpl.java:307)
	at org.junit.internal.runners.MethodRoadie$2.run(MethodRoadie.java:88)
	at org.junit.internal.runners.MethodRoadie.runBeforesThenTestThenAfters(MethodRoadie.java:96)
	at org.powermock.modules.junit4.internal.impl.PowerMockJUnit44RunnerDelegateImpl$PowerMockJUnit44MethodRunner.executeTest(PowerMockJUnit44RunnerDelegateImpl.java:294)
	at org.powermock.modules.junit4.internal.impl.PowerMockJUnit47RunnerDelegateImpl$PowerMockJUnit47MethodRunner.executeTestInSuper(PowerMockJUnit47RunnerDelegateImpl.java:127)
	at org.powermock.modules.junit4.internal.impl.PowerMockJUnit47RunnerDelegateImpl$PowerMockJUnit47MethodRunner.executeTest(PowerMockJUnit47RunnerDelegateImpl.java:82)
	at org.powermock.modules.junit4.internal.impl.PowerMockJUnit44RunnerDelegateImpl$PowerMockJUnit44MethodRunner.runBeforesThenTestThenAfters(PowerMockJUnit44RunnerDelegateImpl.java:282)
	at org.junit.internal.runners.MethodRoadie.runTest(MethodRoadie.java:86)
	at org.junit.internal.runners.MethodRoadie.run(MethodRoadie.java:49)
	at org.powermock.modules.junit4.internal.impl.PowerMockJUnit44RunnerDelegateImpl.invokeTestMethod(PowerMockJUnit44RunnerDelegateImpl.java:207)
	at org.powermock.modules.junit4.internal.impl.PowerMockJUnit44RunnerDelegateImpl.runMethods(PowerMockJUnit44RunnerDelegateImpl.java:146)
	at org.powermock.modules.junit4.internal.impl.PowerMockJUnit44RunnerDelegateImpl$1.run(PowerMockJUnit44RunnerDelegateImpl.java:120)
	at org.junit.internal.runners.ClassRoadie.runUnprotected(ClassRoadie.java:33)
	at org.junit.internal.runners.ClassRoadie.runProtected(ClassRoadie.java:45)
	at org.powermock.modules.junit4.internal.impl.PowerMockJUnit44RunnerDelegateImpl.run(PowerMockJUnit44RunnerDelegateImpl.java:118)
	at org.powermock.modules.junit4.common.internal.impl.JUnit4TestSuiteChunkerImpl.run(JUnit4TestSuiteChunkerImpl.java:101)
	at org.powermock.modules.junit4.common.internal.impl.AbstractCommonPowerMockRunner.run(AbstractCommonPowerMockRunner.java:53)
	at org.powermock.modules.junit4.PowerMockRunner.run(PowerMockRunner.java:53)
	at org.apache.maven.surefire.junit4.JUnit4Provider.execute(JUnit4Provider.java:252)
	at org.apache.maven.surefire.junit4.JUnit4Provider.executeTestSet(JUnit4Provider.java:141)
	at org.apache.maven.surefire.junit4.JUnit4Provider.invoke(JUnit4Provider.java:112)
	at sun.reflect.NativeMethodAccessorImpl.invoke0(Native Method)
	at sun.reflect.NativeMethodAccessorImpl.invoke(NativeMethodAccessorImpl.java:62)
	at sun.reflect.DelegatingMethodAccessorImpl.invoke(DelegatingMethodAccessorImpl.java:43)
	at java.lang.reflect.Method.invoke(Method.java:498)
	at org.apache.maven.surefire.util.ReflectionUtils.invokeMethodWithArray(ReflectionUtils.java:189)
	at org.apache.maven.surefire.booter.ProviderFactory$ProviderProxy.invoke(ProviderFactory.java:165)
	at org.apache.maven.surefire.booter.ProviderFactory.invokeProvider(ProviderFactory.java:85)
	at org.apache.maven.surefire.booter.ForkedBooter.runSuitesInProcess(ForkedBooter.java:115)
	at org.apache.maven.surefire.booter.ForkedBooter.main(ForkedBooter.java:75)
log4j:ERROR Either File or DatePattern options are not set for appender [ROLLINGFILE].
2020-04-18 10:13:10,064 [main] (com.pinterest.secor.parser.TimestampedMessageParser:76) INFO  UsingHourly: false
2020-04-18 10:13:10,066 [main] (com.pinterest.secor.parser.TimestampedMessageParser:77) INFO  UsingMin: false
2020-04-18 10:13:10,067 [main] (com.pinterest.secor.parser.TimestampedMessageParser:79) INFO  FinalizerDelaySeconds: 3600
2020-04-18 10:13:10,139 [main] (com.pinterest.secor.parser.TimestampedMessageParser:76) INFO  UsingHourly: false
2020-04-18 10:13:10,140 [main] (com.pinterest.secor.parser.TimestampedMessageParser:77) INFO  UsingMin: false
2020-04-18 10:13:10,140 [main] (com.pinterest.secor.parser.TimestampedMessageParser:79) INFO  FinalizerDelaySeconds: 3600
2020-04-18 10:13:10,174 [main] (com.pinterest.secor.parser.TimestampedMessageParser:76) INFO  UsingHourly: false
2020-04-18 10:13:10,174 [main] (com.pinterest.secor.parser.TimestampedMessageParser:77) INFO  UsingMin: false
2020-04-18 10:13:10,175 [main] (com.pinterest.secor.parser.TimestampedMessageParser:79) INFO  FinalizerDelaySeconds: 3600
2020-04-18 10:13:10,208 [main] (com.pinterest.secor.parser.TimestampedMessageParser:76) INFO  UsingHourly: true
2020-04-18 10:13:10,208 [main] (com.pinterest.secor.parser.TimestampedMessageParser:77) INFO  UsingMin: false
2020-04-18 10:13:10,210 [main] (com.pinterest.secor.parser.TimestampedMessageParser:79) INFO  FinalizerDelaySeconds: 3600
2020-04-18 10:13:10,222 [main] (com.pinterest.secor.parser.TimestampedMessageParser:76) INFO  UsingHourly: true
2020-04-18 10:13:10,222 [main] (com.pinterest.secor.parser.TimestampedMessageParser:77) INFO  UsingMin: false
2020-04-18 10:13:10,223 [main] (com.pinterest.secor.parser.TimestampedMessageParser:79) INFO  FinalizerDelaySeconds: 3600
2020-04-18 10:13:10,247 [main] (com.pinterest.secor.parser.TimestampedMessageParser:76) INFO  UsingHourly: false
2020-04-18 10:13:10,247 [main] (com.pinterest.secor.parser.TimestampedMessageParser:77) INFO  UsingMin: false
2020-04-18 10:13:10,247 [main] (com.pinterest.secor.parser.TimestampedMessageParser:79) INFO  FinalizerDelaySeconds: 3600
2020-04-18 10:13:10,249 [main] (com.pinterest.secor.parser.TimestampedMessageParser:214) INFO  partition 0, time 1405911096123
2020-04-18 10:13:10,250 [main] (com.pinterest.secor.parser.TimestampedMessageParser:225) INFO  adjusted millis 1405907496123
2020-04-18 10:13:10,271 [main] (com.pinterest.secor.parser.TimestampedMessageParser:76) INFO  UsingHourly: true
2020-04-18 10:13:10,272 [main] (com.pinterest.secor.parser.TimestampedMessageParser:77) INFO  UsingMin: false
2020-04-18 10:13:10,272 [main] (com.pinterest.secor.parser.TimestampedMessageParser:79) INFO  FinalizerDelaySeconds: 3600
2020-04-18 10:13:10,273 [main] (com.pinterest.secor.parser.TimestampedMessageParser:214) INFO  partition 0, time 1405911096123
2020-04-18 10:13:10,274 [main] (com.pinterest.secor.parser.TimestampedMessageParser:225) INFO  adjusted millis 1405907496123
2020-04-18 10:13:10,294 [main] (com.pinterest.secor.parser.TimestampedMessageParser:76) INFO  UsingHourly: false
2020-04-18 10:13:10,294 [main] (com.pinterest.secor.parser.TimestampedMessageParser:77) INFO  UsingMin: true
2020-04-18 10:13:10,295 [main] (com.pinterest.secor.parser.TimestampedMessageParser:79) INFO  FinalizerDelaySeconds: 3600
2020-04-18 10:13:10,296 [main] (com.pinterest.secor.parser.TimestampedMessageParser:214) INFO  partition 0, time 1405911096123
2020-04-18 10:13:10,296 [main] (com.pinterest.secor.parser.TimestampedMessageParser:225) INFO  adjusted millis 1405907496123
2020-04-18 10:13:10,352 [main] (com.pinterest.secor.parser.TimestampedMessageParser:76) INFO  UsingHourly: false
2020-04-18 10:13:10,353 [main] (com.pinterest.secor.parser.TimestampedMessageParser:77) INFO  UsingMin: false
2020-04-18 10:13:10,353 [main] (com.pinterest.secor.parser.TimestampedMessageParser:79) INFO  FinalizerDelaySeconds: 3600
2020-04-18 10:13:10,370 [main] (com.pinterest.secor.parser.TimestampedMessageParser:76) INFO  UsingHourly: false
2020-04-18 10:13:10,370 [main] (com.pinterest.secor.parser.TimestampedMessageParser:77) INFO  UsingMin: false
2020-04-18 10:13:10,370 [main] (com.pinterest.secor.parser.TimestampedMessageParser:79) INFO  FinalizerDelaySeconds: 3600
2020-04-18 10:13:10,376 [main] (com.pinterest.secor.parser.TimestampedMessageParser:76) INFO  UsingHourly: false
2020-04-18 10:13:10,376 [main] (com.pinterest.secor.parser.TimestampedMessageParser:77) INFO  UsingMin: false
2020-04-18 10:13:10,376 [main] (com.pinterest.secor.parser.TimestampedMessageParser:79) INFO  FinalizerDelaySeconds: 3600
2020-04-18 10:13:10,388 [main] (com.pinterest.secor.parser.TimestampedMessageParser:76) INFO  UsingHourly: false
2020-04-18 10:13:10,389 [main] (com.pinterest.secor.parser.TimestampedMessageParser:77) INFO  UsingMin: false
2020-04-18 10:13:10,389 [main] (com.pinterest.secor.parser.TimestampedMessageParser:79) INFO  FinalizerDelaySeconds: 3600
Tests run: 12, Failures: 0, Errors: 0, Skipped: 0, Time elapsed: 0.647 sec
Running com.pinterest.secor.parser.MessagePackParserTest
2020-04-18 10:13:10,426 [main] (com.pinterest.secor.parser.TimestampedMessageParser:76) INFO  UsingHourly: false
2020-04-18 10:13:10,427 [main] (com.pinterest.secor.parser.TimestampedMessageParser:77) INFO  UsingMin: false
2020-04-18 10:13:10,427 [main] (com.pinterest.secor.parser.TimestampedMessageParser:79) INFO  FinalizerDelaySeconds: 0
2020-04-18 10:13:11,244 [main] (com.pinterest.secor.parser.TimestampedMessageParser:76) INFO  UsingHourly: false
2020-04-18 10:13:11,244 [main] (com.pinterest.secor.parser.TimestampedMessageParser:77) INFO  UsingMin: false
2020-04-18 10:13:11,245 [main] (com.pinterest.secor.parser.TimestampedMessageParser:79) INFO  FinalizerDelaySeconds: 0
2020-04-18 10:13:11,271 [main] (com.pinterest.secor.parser.TimestampedMessageParser:76) INFO  UsingHourly: false
2020-04-18 10:13:11,273 [main] (com.pinterest.secor.parser.TimestampedMessageParser:77) INFO  UsingMin: false
2020-04-18 10:13:11,273 [main] (com.pinterest.secor.parser.TimestampedMessageParser:79) INFO  FinalizerDelaySeconds: 0
2020-04-18 10:13:11,286 [main] (com.pinterest.secor.parser.TimestampedMessageParser:76) INFO  UsingHourly: false
2020-04-18 10:13:11,286 [main] (com.pinterest.secor.parser.TimestampedMessageParser:77) INFO  UsingMin: false
2020-04-18 10:13:11,288 [main] (com.pinterest.secor.parser.TimestampedMessageParser:79) INFO  FinalizerDelaySeconds: 0
2020-04-18 10:13:11,314 [main] (com.pinterest.secor.parser.TimestampedMessageParser:76) INFO  UsingHourly: false
2020-04-18 10:13:11,315 [main] (com.pinterest.secor.parser.TimestampedMessageParser:77) INFO  UsingMin: false
2020-04-18 10:13:11,315 [main] (com.pinterest.secor.parser.TimestampedMessageParser:79) INFO  FinalizerDelaySeconds: 0
2020-04-18 10:13:11,325 [main] (com.pinterest.secor.parser.TimestampedMessageParser:76) INFO  UsingHourly: false
2020-04-18 10:13:11,326 [main] (com.pinterest.secor.parser.TimestampedMessageParser:77) INFO  UsingMin: false
2020-04-18 10:13:11,326 [main] (com.pinterest.secor.parser.TimestampedMessageParser:79) INFO  FinalizerDelaySeconds: 0
2020-04-18 10:13:11,340 [main] (com.pinterest.secor.parser.TimestampedMessageParser:76) INFO  UsingHourly: false
2020-04-18 10:13:11,341 [main] (com.pinterest.secor.parser.TimestampedMessageParser:77) INFO  UsingMin: false
2020-04-18 10:13:11,341 [main] (com.pinterest.secor.parser.TimestampedMessageParser:79) INFO  FinalizerDelaySeconds: 0
Tests run: 6, Failures: 0, Errors: 0, Skipped: 0, Time elapsed: 0.947 sec
Running com.pinterest.secor.parser.ThriftMessageParserTest
2020-04-18 10:13:11,364 [main] (com.pinterest.secor.parser.TimestampedMessageParser:76) INFO  UsingHourly: false
2020-04-18 10:13:11,364 [main] (com.pinterest.secor.parser.TimestampedMessageParser:77) INFO  UsingMin: false
2020-04-18 10:13:11,364 [main] (com.pinterest.secor.parser.TimestampedMessageParser:79) INFO  FinalizerDelaySeconds: 0
2020-04-18 10:13:11,392 [main] (com.pinterest.secor.parser.TimestampedMessageParser:76) INFO  UsingHourly: false
2020-04-18 10:13:11,393 [main] (com.pinterest.secor.parser.TimestampedMessageParser:77) INFO  UsingMin: false
2020-04-18 10:13:11,393 [main] (com.pinterest.secor.parser.TimestampedMessageParser:79) INFO  FinalizerDelaySeconds: 0
2020-04-18 10:13:11,400 [main] (com.pinterest.secor.parser.TimestampedMessageParser:76) INFO  UsingHourly: false
2020-04-18 10:13:11,401 [main] (com.pinterest.secor.parser.TimestampedMessageParser:77) INFO  UsingMin: false
2020-04-18 10:13:11,401 [main] (com.pinterest.secor.parser.TimestampedMessageParser:79) INFO  FinalizerDelaySeconds: 0
2020-04-18 10:13:11,407 [main] (com.pinterest.secor.parser.TimestampedMessageParser:76) INFO  UsingHourly: false
2020-04-18 10:13:11,408 [main] (com.pinterest.secor.parser.TimestampedMessageParser:77) INFO  UsingMin: false
2020-04-18 10:13:11,408 [main] (com.pinterest.secor.parser.TimestampedMessageParser:79) INFO  FinalizerDelaySeconds: 0
2020-04-18 10:13:11,413 [main] (com.pinterest.secor.parser.TimestampedMessageParser:76) INFO  UsingHourly: false
2020-04-18 10:13:11,413 [main] (com.pinterest.secor.parser.TimestampedMessageParser:77) INFO  UsingMin: false
2020-04-18 10:13:11,413 [main] (com.pinterest.secor.parser.TimestampedMessageParser:79) INFO  FinalizerDelaySeconds: 0
Tests run: 5, Failures: 0, Errors: 0, Skipped: 0, Time elapsed: 0.064 sec
Running com.pinterest.secor.parser.ChannelDateMessageParserTest
java.text.ParseException: Unparseable date: "11111111"
	at java.text.DateFormat.parse(DateFormat.java:366)
	at com.pinterest.secor.parser.PatternDateMessageParser.extractPartitions(PatternDateMessageParser.java:101)
	at com.pinterest.secor.parser.ChannelDateMessageParserTest.testExtractDateWithWrongEntries(ChannelDateMessageParserTest.java:108)
	at sun.reflect.NativeMethodAccessorImpl.invoke0(Native Method)
	at sun.reflect.NativeMethodAccessorImpl.invoke(NativeMethodAccessorImpl.java:62)
	at sun.reflect.DelegatingMethodAccessorImpl.invoke(DelegatingMethodAccessorImpl.java:43)
	at java.lang.reflect.Method.invoke(Method.java:498)
	at org.junit.internal.runners.TestMethod.invoke(TestMethod.java:68)
	at org.powermock.modules.junit4.internal.impl.PowerMockJUnit44RunnerDelegateImpl$PowerMockJUnit44MethodRunner.runTestMethod(PowerMockJUnit44RunnerDelegateImpl.java:310)
	at org.junit.internal.runners.MethodRoadie$2.run(MethodRoadie.java:88)
	at org.junit.internal.runners.MethodRoadie.runBeforesThenTestThenAfters(MethodRoadie.java:96)
	at org.powermock.modules.junit4.internal.impl.PowerMockJUnit44RunnerDelegateImpl$PowerMockJUnit44MethodRunner.executeTest(PowerMockJUnit44RunnerDelegateImpl.java:294)
	at org.powermock.modules.junit4.internal.impl.PowerMockJUnit47RunnerDelegateImpl$PowerMockJUnit47MethodRunner.executeTestInSuper(PowerMockJUnit47RunnerDelegateImpl.java:127)
	at org.powermock.modules.junit4.internal.impl.PowerMockJUnit47RunnerDelegateImpl$PowerMockJUnit47MethodRunner.executeTest(PowerMockJUnit47RunnerDelegateImpl.java:82)
	at org.powermock.modules.junit4.internal.impl.PowerMockJUnit44RunnerDelegateImpl$PowerMockJUnit44MethodRunner.runBeforesThenTestThenAfters(PowerMockJUnit44RunnerDelegateImpl.java:282)
	at org.junit.internal.runners.MethodRoadie.runTest(MethodRoadie.java:86)
	at org.junit.internal.runners.MethodRoadie.run(MethodRoadie.java:49)
	at org.powermock.modules.junit4.internal.impl.PowerMockJUnit44RunnerDelegateImpl.invokeTestMethod(PowerMockJUnit44RunnerDelegateImpl.java:207)
	at org.powermock.modules.junit4.internal.impl.PowerMockJUnit44RunnerDelegateImpl.runMethods(PowerMockJUnit44RunnerDelegateImpl.java:146)
	at org.powermock.modules.junit4.internal.impl.PowerMockJUnit44RunnerDelegateImpl$1.run(PowerMockJUnit44RunnerDelegateImpl.java:120)
	at org.junit.internal.runners.ClassRoadie.runUnprotected(ClassRoadie.java:33)
	at org.junit.internal.runners.ClassRoadie.runProtected(ClassRoadie.java:45)
	at org.powermock.modules.junit4.internal.impl.PowerMockJUnit44RunnerDelegateImpl.run(PowerMockJUnit44RunnerDelegateImpl.java:118)
	at org.powermock.modules.junit4.common.internal.impl.JUnit4TestSuiteChunkerImpl.run(JUnit4TestSuiteChunkerImpl.java:101)
	at org.powermock.modules.junit4.common.internal.impl.AbstractCommonPowerMockRunner.run(AbstractCommonPowerMockRunner.java:53)
	at org.powermock.modules.junit4.PowerMockRunner.run(PowerMockRunner.java:53)
	at org.apache.maven.surefire.junit4.JUnit4Provider.execute(JUnit4Provider.java:252)
	at org.apache.maven.surefire.junit4.JUnit4Provider.executeTestSet(JUnit4Provider.java:141)
	at org.apache.maven.surefire.junit4.JUnit4Provider.invoke(JUnit4Provider.java:112)
	at sun.reflect.NativeMethodAccessorImpl.invoke0(Native Method)
	at sun.reflect.NativeMethodAccessorImpl.invoke(NativeMethodAccessorImpl.java:62)
	at sun.reflect.DelegatingMethodAccessorImpl.invoke(DelegatingMethodAccessorImpl.java:43)
	at java.lang.reflect.Method.invoke(Method.java:498)
	at org.apache.maven.surefire.util.ReflectionUtils.invokeMethodWithArray(ReflectionUtils.java:189)
	at org.apache.maven.surefire.booter.ProviderFactory$ProviderProxy.invoke(ProviderFactory.java:165)
	at org.apache.maven.surefire.booter.ProviderFactory.invokeProvider(ProviderFactory.java:85)
	at org.apache.maven.surefire.booter.ForkedBooter.runSuitesInProcess(ForkedBooter.java:115)
	at org.apache.maven.surefire.booter.ForkedBooter.main(ForkedBooter.java:75)
2020-04-18 10:13:11,499 [main] (com.pinterest.secor.parser.PatternDateMessageParser:108) INFO  PatternDateMessageParser: Exception while parsing date Unparseable date: "11111111"
2020-04-18 10:13:11,499 [main] (com.pinterest.secor.parser.PatternDateMessageParser:109) WARN  Unable to get path: Unparseable date: "11111111"
java.text.ParseException: Unparseable date: "2014-07-30 22:53:20"
	at java.text.DateFormat.parse(DateFormat.java:366)
	at com.pinterest.secor.parser.PatternDateMessageParser.extractPartitions(PatternDateMessageParser.java:101)
	at com.pinterest.secor.parser.ChannelDateMessageParserTest.testExtractDateWithWrongEntries(ChannelDateMessageParserTest.java:113)
	at sun.reflect.NativeMethodAccessorImpl.invoke0(Native Method)
	at sun.reflect.NativeMethodAccessorImpl.invoke(NativeMethodAccessorImpl.java:62)
	at sun.reflect.DelegatingMethodAccessorImpl.invoke(DelegatingMethodAccessorImpl.java:43)
	at java.lang.reflect.Method.invoke(Method.java:498)
	at org.junit.internal.runners.TestMethod.invoke(TestMethod.java:68)
	at org.powermock.modules.junit4.internal.impl.PowerMockJUnit44RunnerDelegateImpl$PowerMockJUnit44MethodRunner.runTestMethod(PowerMockJUnit44RunnerDelegateImpl.java:310)
	at org.junit.internal.runners.MethodRoadie$2.run(MethodRoadie.java:88)
	at org.junit.internal.runners.MethodRoadie.runBeforesThenTestThenAfters(MethodRoadie.java:96)
	at org.powermock.modules.junit4.internal.impl.PowerMockJUnit44RunnerDelegateImpl$PowerMockJUnit44MethodRunner.executeTest(PowerMockJUnit44RunnerDelegateImpl.java:294)
	at org.powermock.modules.junit4.internal.impl.PowerMockJUnit47RunnerDelegateImpl$PowerMockJUnit47MethodRunner.executeTestInSuper(PowerMockJUnit47RunnerDelegateImpl.java:127)
	at org.powermock.modules.junit4.internal.impl.PowerMockJUnit47RunnerDelegateImpl$PowerMockJUnit47MethodRunner.executeTest(PowerMockJUnit47RunnerDelegateImpl.java:82)
	at org.powermock.modules.junit4.internal.impl.PowerMockJUnit44RunnerDelegateImpl$PowerMockJUnit44MethodRunner.runBeforesThenTestThenAfters(PowerMockJUnit44RunnerDelegateImpl.java:282)
	at org.junit.internal.runners.MethodRoadie.runTest(MethodRoadie.java:86)
	at org.junit.internal.runners.MethodRoadie.run(MethodRoadie.java:49)
	at org.powermock.modules.junit4.internal.impl.PowerMockJUnit44RunnerDelegateImpl.invokeTestMethod(PowerMockJUnit44RunnerDelegateImpl.java:207)
	at org.powermock.modules.junit4.internal.impl.PowerMockJUnit44RunnerDelegateImpl.runMethods(PowerMockJUnit44RunnerDelegateImpl.java:146)
	at org.powermock.modules.junit4.internal.impl.PowerMockJUnit44RunnerDelegateImpl$1.run(PowerMockJUnit44RunnerDelegateImpl.java:120)
	at org.junit.internal.runners.ClassRoadie.runUnprotected(ClassRoadie.java:33)
	at org.junit.internal.runners.ClassRoadie.runProtected(ClassRoadie.java:45)
	at org.powermock.modules.junit4.internal.impl.PowerMockJUnit44RunnerDelegateImpl.run(PowerMockJUnit44RunnerDelegateImpl.java:118)
	at org.powermock.modules.junit4.common.internal.impl.JUnit4TestSuiteChunkerImpl.run(JUnit4TestSuiteChunkerImpl.java:101)
	at org.powermock.modules.junit4.common.internal.impl.AbstractCommonPowerMockRunner.run(AbstractCommonPowerMockRunner.java:53)
	at org.powermock.modules.junit4.PowerMockRunner.run(PowerMockRunner.java:53)
	at org.apache.maven.surefire.junit4.JUnit4Provider.execute(JUnit4Provider.java:252)
	at org.apache.maven.surefire.junit4.JUnit4Provider.executeTestSet(JUnit4Provider.java:141)
	at org.apache.maven.surefire.junit4.JUnit4Provider.invoke(JUnit4Provider.java:112)
	at sun.reflect.NativeMethodAccessorImpl.invoke0(Native Method)
	at sun.reflect.NativeMethodAccessorImpl.invoke(NativeMethodAccessorImpl.java:62)
	at sun.reflect.DelegatingMethodAccessorImpl.invoke(DelegatingMethodAccessorImpl.java:43)
	at java.lang.reflect.Method.invoke(Method.java:498)
	at org.apache.maven.surefire.util.ReflectionUtils.invokeMethodWithArray(ReflectionUtils.java:189)
	at org.apache.maven.surefire.booter.ProviderFactory$ProviderProxy.invoke(ProviderFactory.java:165)
	at org.apache.maven.surefire.booter.ProviderFactory.invokeProvider(ProviderFactory.java:85)
	at org.apache.maven.surefire.booter.ForkedBooter.runSuitesInProcess(ForkedBooter.java:115)
	at org.apache.maven.surefire.booter.ForkedBooter.main(ForkedBooter.java:75)
2020-04-18 10:13:11,502 [main] (com.pinterest.secor.parser.PatternDateMessageParser:108) INFO  PatternDateMessageParser: Exception while parsing date Unparseable date: "2014-07-30 22:53:20"
2020-04-18 10:13:11,502 [main] (com.pinterest.secor.parser.PatternDateMessageParser:109) WARN  Unable to get path: Unparseable date: "2014-07-30 22:53:20"
Tests run: 5, Failures: 0, Errors: 0, Skipped: 0, Time elapsed: 0.107 sec
Running com.pinterest.secor.parser.Iso8601ParserTest
2020-04-18 10:13:11,541 [main] (com.pinterest.secor.parser.TimestampedMessageParser:76) INFO  UsingHourly: false
2020-04-18 10:13:11,541 [main] (com.pinterest.secor.parser.TimestampedMessageParser:77) INFO  UsingMin: false
2020-04-18 10:13:11,541 [main] (com.pinterest.secor.parser.TimestampedMessageParser:79) INFO  FinalizerDelaySeconds: 3600
2020-04-18 10:13:11,576 [main] (com.pinterest.secor.parser.TimestampedMessageParser:76) INFO  UsingHourly: false
2020-04-18 10:13:11,577 [main] (com.pinterest.secor.parser.TimestampedMessageParser:77) INFO  UsingMin: false
2020-04-18 10:13:11,577 [main] (com.pinterest.secor.parser.TimestampedMessageParser:79) INFO  FinalizerDelaySeconds: 3600
Tests run: 2, Failures: 0, Errors: 0, Skipped: 0, Time elapsed: 0.055 sec
Running com.pinterest.secor.parser.SplitByFieldMessageParserTest
2020-04-18 10:13:11,605 [main] (com.pinterest.secor.parser.TimestampedMessageParser:76) INFO  UsingHourly: false
2020-04-18 10:13:11,606 [main] (com.pinterest.secor.parser.TimestampedMessageParser:77) INFO  UsingMin: false
2020-04-18 10:13:11,609 [main] (com.pinterest.secor.parser.TimestampedMessageParser:79) INFO  FinalizerDelaySeconds: 3600
2020-04-18 10:13:11,622 [main] (com.pinterest.secor.parser.TimestampedMessageParser:76) INFO  UsingHourly: false
2020-04-18 10:13:11,623 [main] (com.pinterest.secor.parser.TimestampedMessageParser:77) INFO  UsingMin: false
2020-04-18 10:13:11,623 [main] (com.pinterest.secor.parser.TimestampedMessageParser:79) INFO  FinalizerDelaySeconds: 3600
2020-04-18 10:13:11,652 [main] (com.pinterest.secor.parser.TimestampedMessageParser:76) INFO  UsingHourly: true
2020-04-18 10:13:11,653 [main] (com.pinterest.secor.parser.TimestampedMessageParser:77) INFO  UsingMin: false
2020-04-18 10:13:11,653 [main] (com.pinterest.secor.parser.TimestampedMessageParser:79) INFO  FinalizerDelaySeconds: 3600
2020-04-18 10:13:11,667 [main] (com.pinterest.secor.parser.TimestampedMessageParser:76) INFO  UsingHourly: true
2020-04-18 10:13:11,667 [main] (com.pinterest.secor.parser.TimestampedMessageParser:77) INFO  UsingMin: false
2020-04-18 10:13:11,669 [main] (com.pinterest.secor.parser.TimestampedMessageParser:79) INFO  FinalizerDelaySeconds: 3600
2020-04-18 10:13:11,676 [main] (com.pinterest.secor.parser.TimestampedMessageParser:76) INFO  UsingHourly: false
2020-04-18 10:13:11,676 [main] (com.pinterest.secor.parser.TimestampedMessageParser:77) INFO  UsingMin: false
2020-04-18 10:13:11,676 [main] (com.pinterest.secor.parser.TimestampedMessageParser:79) INFO  FinalizerDelaySeconds: 3600
2020-04-18 10:13:11,684 [main] (com.pinterest.secor.parser.TimestampedMessageParser:76) INFO  UsingHourly: false
2020-04-18 10:13:11,684 [main] (com.pinterest.secor.parser.TimestampedMessageParser:77) INFO  UsingMin: false
2020-04-18 10:13:11,684 [main] (com.pinterest.secor.parser.TimestampedMessageParser:79) INFO  FinalizerDelaySeconds: 3600
2020-04-18 10:13:11,693 [main] (com.pinterest.secor.parser.TimestampedMessageParser:76) INFO  UsingHourly: false
2020-04-18 10:13:11,693 [main] (com.pinterest.secor.parser.TimestampedMessageParser:77) INFO  UsingMin: false
2020-04-18 10:13:11,695 [main] (com.pinterest.secor.parser.TimestampedMessageParser:79) INFO  FinalizerDelaySeconds: 3600
2020-04-18 10:13:11,702 [main] (com.pinterest.secor.parser.TimestampedMessageParser:76) INFO  UsingHourly: false
2020-04-18 10:13:11,702 [main] (com.pinterest.secor.parser.TimestampedMessageParser:77) INFO  UsingMin: false
2020-04-18 10:13:11,702 [main] (com.pinterest.secor.parser.TimestampedMessageParser:79) INFO  FinalizerDelaySeconds: 3600
2020-04-18 10:13:11,710 [main] (com.pinterest.secor.parser.TimestampedMessageParser:76) INFO  UsingHourly: false
2020-04-18 10:13:11,711 [main] (com.pinterest.secor.parser.TimestampedMessageParser:77) INFO  UsingMin: false
2020-04-18 10:13:11,711 [main] (com.pinterest.secor.parser.TimestampedMessageParser:79) INFO  FinalizerDelaySeconds: 3600
2020-04-18 10:13:11,719 [main] (com.pinterest.secor.parser.TimestampedMessageParser:76) INFO  UsingHourly: false
2020-04-18 10:13:11,719 [main] (com.pinterest.secor.parser.TimestampedMessageParser:77) INFO  UsingMin: false
2020-04-18 10:13:11,720 [main] (com.pinterest.secor.parser.TimestampedMessageParser:79) INFO  FinalizerDelaySeconds: 3600
Tests run: 10, Failures: 0, Errors: 0, Skipped: 0, Time elapsed: 0.151 sec
Running com.pinterest.secor.parser.RegexMessageParserTest
2020-04-18 10:13:11,740 [main] (com.pinterest.secor.parser.TimestampedMessageParser:76) INFO  UsingHourly: false
2020-04-18 10:13:11,740 [main] (com.pinterest.secor.parser.TimestampedMessageParser:77) INFO  UsingMin: false
2020-04-18 10:13:11,741 [main] (com.pinterest.secor.parser.TimestampedMessageParser:79) INFO  FinalizerDelaySeconds: 0
2020-04-18 10:13:11,741 [main] (com.pinterest.secor.parser.RegexMessageParser:41) INFO  timestamp pattern: ^[^ ]+ [^ ]+ ([^ ]+) .*$
2020-04-18 10:13:11,744 [main] (com.pinterest.secor.parser.TimestampedMessageParser:76) INFO  UsingHourly: false
2020-04-18 10:13:11,744 [main] (com.pinterest.secor.parser.TimestampedMessageParser:77) INFO  UsingMin: false
2020-04-18 10:13:11,744 [main] (com.pinterest.secor.parser.TimestampedMessageParser:79) INFO  FinalizerDelaySeconds: 0
2020-04-18 10:13:11,757 [main] (com.pinterest.secor.parser.RegexMessageParser:41) INFO  timestamp pattern: ^[^ ]+ [^ ]+ ([^ ]+) .*$
2020-04-18 10:13:11,760 [main] (com.pinterest.secor.parser.TimestampedMessageParser:76) INFO  UsingHourly: false
2020-04-18 10:13:11,760 [main] (com.pinterest.secor.parser.TimestampedMessageParser:77) INFO  UsingMin: false
2020-04-18 10:13:11,761 [main] (com.pinterest.secor.parser.TimestampedMessageParser:79) INFO  FinalizerDelaySeconds: 0
2020-04-18 10:13:11,761 [main] (com.pinterest.secor.parser.RegexMessageParser:41) INFO  timestamp pattern: ^[^ ]+ [^ ]+ ([^ ]+) .*$
2020-04-18 10:13:11,764 [main] (com.pinterest.secor.parser.TimestampedMessageParser:76) INFO  UsingHourly: false
2020-04-18 10:13:11,764 [main] (com.pinterest.secor.parser.TimestampedMessageParser:77) INFO  UsingMin: false
2020-04-18 10:13:11,764 [main] (com.pinterest.secor.parser.TimestampedMessageParser:79) INFO  FinalizerDelaySeconds: 0
2020-04-18 10:13:11,765 [main] (com.pinterest.secor.parser.RegexMessageParser:41) INFO  timestamp pattern: ^[^ ]+ [^ ]+ ([^ ]+) .*$
Tests run: 4, Failures: 0, Errors: 0, Skipped: 0, Time elapsed: 0.032 sec
Running com.pinterest.secor.parser.DateMessageParserTest
2020-04-18 10:13:11,806 [main] (com.pinterest.secor.parser.DateMessageParser:77) WARN  Impossible to convert date = 11111111 with the input pattern = yyyy-MM-dd HH:mm:ss. Using date default = dt=1970-01-01
2020-04-18 10:13:11,808 [main] (com.pinterest.secor.parser.DateMessageParser:77) WARN  Impossible to convert date = 2014-07-30 10:53:20 with the input pattern = yyy-MM-dd :s. Using date default = dt=1970-01-01
Tests run: 5, Failures: 0, Errors: 0, Skipped: 0, Time elapsed: 0.063 sec
Running com.pinterest.secor.parser.ProtobufTimestampParserTest
2020-04-18 10:13:11,853 [main] (com.pinterest.secor.parser.TimestampedMessageParser:76) INFO  UsingHourly: false
2020-04-18 10:13:11,854 [main] (com.pinterest.secor.parser.TimestampedMessageParser:77) INFO  UsingMin: false
2020-04-18 10:13:11,854 [main] (com.pinterest.secor.parser.TimestampedMessageParser:79) INFO  FinalizerDelaySeconds: 0
2020-04-18 10:13:11,855 [main] (com.pinterest.secor.parser.ProtobufMessageParser:63) INFO  Protobuf message class is not configured, will assume that timestamp is the first uint64 field
2020-04-18 10:13:11,910 [main] (com.pinterest.secor.parser.TimestampedMessageParser:76) INFO  UsingHourly: false
2020-04-18 10:13:11,910 [main] (com.pinterest.secor.parser.TimestampedMessageParser:77) INFO  UsingMin: false
2020-04-18 10:13:11,910 [main] (com.pinterest.secor.parser.TimestampedMessageParser:79) INFO  FinalizerDelaySeconds: 0
2020-04-18 10:13:11,911 [main] (com.pinterest.secor.parser.ProtobufMessageParser:63) INFO  Protobuf message class is not configured, will assume that timestamp is the first uint64 field
2020-04-18 10:13:11,917 [main] (com.pinterest.secor.parser.TimestampedMessageParser:76) INFO  UsingHourly: false
2020-04-18 10:13:11,917 [main] (com.pinterest.secor.parser.TimestampedMessageParser:77) INFO  UsingMin: false
2020-04-18 10:13:11,917 [main] (com.pinterest.secor.parser.TimestampedMessageParser:79) INFO  FinalizerDelaySeconds: 0
2020-04-18 10:13:11,950 [main] (com.pinterest.secor.util.ProtobufUtil:63) INFO  Using protobuf message class: com.pinterest.secor.protobuf.TimestampedMessages$UnitTestTimestamp2 for all Kafka topics
2020-04-18 10:13:11,950 [main] (com.pinterest.secor.parser.ProtobufMessageParser:59) INFO  Using protobuf timestamp field path: internal.timestamp with separator: .
com.pinterest.secor.protobuf.TimestampedMessages$UnitTestTimestamp1
2020-04-18 10:13:12,146 [main] (com.pinterest.secor.parser.TimestampedMessageParser:76) INFO  UsingHourly: false
2020-04-18 10:13:12,146 [main] (com.pinterest.secor.parser.TimestampedMessageParser:77) INFO  UsingMin: false
2020-04-18 10:13:12,147 [main] (com.pinterest.secor.parser.TimestampedMessageParser:79) INFO  FinalizerDelaySeconds: 0
2020-04-18 10:13:12,149 [main] (com.pinterest.secor.util.ProtobufUtil:67) INFO  Using protobuf message class: com.pinterest.secor.protobuf.TimestampedMessages$UnitTestTimestamp1 for Kafka topic: test
2020-04-18 10:13:12,149 [main] (com.pinterest.secor.parser.ProtobufMessageParser:59) INFO  Using protobuf timestamp field path: timestamp with separator: .
Tests run: 4, Failures: 0, Errors: 0, Skipped: 0, Time elapsed: 0.321 sec
Running com.pinterest.secor.parser.ProtobufMessageParserTest
2020-04-18 10:13:12,183 [main] (com.pinterest.secor.parser.TimestampedMessageParser:76) INFO  UsingHourly: false
2020-04-18 10:13:12,183 [main] (com.pinterest.secor.parser.TimestampedMessageParser:77) INFO  UsingMin: false
2020-04-18 10:13:12,183 [main] (com.pinterest.secor.parser.TimestampedMessageParser:79) INFO  FinalizerDelaySeconds: 0
2020-04-18 10:13:12,184 [main] (com.pinterest.secor.parser.ProtobufMessageParser:63) INFO  Protobuf message class is not configured, will assume that timestamp is the first uint64 field
2020-04-18 10:13:12,192 [main] (com.pinterest.secor.parser.TimestampedMessageParser:76) INFO  UsingHourly: false
2020-04-18 10:13:12,194 [main] (com.pinterest.secor.parser.TimestampedMessageParser:77) INFO  UsingMin: false
2020-04-18 10:13:12,194 [main] (com.pinterest.secor.parser.TimestampedMessageParser:79) INFO  FinalizerDelaySeconds: 0
2020-04-18 10:13:12,195 [main] (com.pinterest.secor.parser.ProtobufMessageParser:63) INFO  Protobuf message class is not configured, will assume that timestamp is the first uint64 field
2020-04-18 10:13:12,200 [main] (com.pinterest.secor.parser.TimestampedMessageParser:76) INFO  UsingHourly: false
2020-04-18 10:13:12,200 [main] (com.pinterest.secor.parser.TimestampedMessageParser:77) INFO  UsingMin: false
2020-04-18 10:13:12,201 [main] (com.pinterest.secor.parser.TimestampedMessageParser:79) INFO  FinalizerDelaySeconds: 0
2020-04-18 10:13:12,204 [main] (com.pinterest.secor.util.ProtobufUtil:63) INFO  Using protobuf message class: com.pinterest.secor.protobuf.Messages$UnitTestMessage2 for all Kafka topics
2020-04-18 10:13:12,204 [main] (com.pinterest.secor.parser.ProtobufMessageParser:59) INFO  Using protobuf timestamp field path: internal.timestamp with separator: .
2020-04-18 10:13:12,217 [main] (com.pinterest.secor.parser.TimestampedMessageParser:76) INFO  UsingHourly: false
2020-04-18 10:13:12,217 [main] (com.pinterest.secor.parser.TimestampedMessageParser:77) INFO  UsingMin: false
2020-04-18 10:13:12,218 [main] (com.pinterest.secor.parser.TimestampedMessageParser:79) INFO  FinalizerDelaySeconds: 0
2020-04-18 10:13:12,220 [main] (com.pinterest.secor.util.ProtobufUtil:67) INFO  Using protobuf message class: com.pinterest.secor.protobuf.Messages$UnitTestMessage1 for Kafka topic: test
2020-04-18 10:13:12,222 [main] (com.pinterest.secor.parser.ProtobufMessageParser:59) INFO  Using protobuf timestamp field path: timestamp with separator: .
Tests run: 4, Failures: 0, Errors: 0, Skipped: 0, Time elapsed: 0.072 sec
Running com.pinterest.secor.parser.PatternDateMessageParserTest
java.text.ParseException: Unparseable date: "11111111"
	at java.text.DateFormat.parse(DateFormat.java:366)
	at com.pinterest.secor.parser.PatternDateMessageParser.extractPartitions(PatternDateMessageParser.java:101)
	at com.pinterest.secor.parser.PatternDateMessageParserTest.testExtractDateWithWrongEntries(PatternDateMessageParserTest.java:108)
	at sun.reflect.NativeMethodAccessorImpl.invoke0(Native Method)
	at sun.reflect.NativeMethodAccessorImpl.invoke(NativeMethodAccessorImpl.java:62)
	at sun.reflect.DelegatingMethodAccessorImpl.invoke(DelegatingMethodAccessorImpl.java:43)
	at java.lang.reflect.Method.invoke(Method.java:498)
	at org.junit.internal.runners.TestMethod.invoke(TestMethod.java:68)
	at org.powermock.modules.junit4.internal.impl.PowerMockJUnit44RunnerDelegateImpl$PowerMockJUnit44MethodRunner.runTestMethod(PowerMockJUnit44RunnerDelegateImpl.java:310)
	at org.junit.internal.runners.MethodRoadie$2.run(MethodRoadie.java:88)
	at org.junit.internal.runners.MethodRoadie.runBeforesThenTestThenAfters(MethodRoadie.java:96)
	at org.powermock.modules.junit4.internal.impl.PowerMockJUnit44RunnerDelegateImpl$PowerMockJUnit44MethodRunner.executeTest(PowerMockJUnit44RunnerDelegateImpl.java:294)
	at org.powermock.modules.junit4.internal.impl.PowerMockJUnit47RunnerDelegateImpl$PowerMockJUnit47MethodRunner.executeTestInSuper(PowerMockJUnit47RunnerDelegateImpl.java:127)
	at org.powermock.modules.junit4.internal.impl.PowerMockJUnit47RunnerDelegateImpl$PowerMockJUnit47MethodRunner.executeTest(PowerMockJUnit47RunnerDelegateImpl.java:82)
	at org.powermock.modules.junit4.internal.impl.PowerMockJUnit44RunnerDelegateImpl$PowerMockJUnit44MethodRunner.runBeforesThenTestThenAfters(PowerMockJUnit44RunnerDelegateImpl.java:282)
	at org.junit.internal.runners.MethodRoadie.runTest(MethodRoadie.java:86)
	at org.junit.internal.runners.MethodRoadie.run(MethodRoadie.java:49)
	at org.powermock.modules.junit4.internal.impl.PowerMockJUnit44RunnerDelegateImpl.invokeTestMethod(PowerMockJUnit44RunnerDelegateImpl.java:207)
	at org.powermock.modules.junit4.internal.impl.PowerMockJUnit44RunnerDelegateImpl.runMethods(PowerMockJUnit44RunnerDelegateImpl.java:146)
	at org.powermock.modules.junit4.internal.impl.PowerMockJUnit44RunnerDelegateImpl$1.run(PowerMockJUnit44RunnerDelegateImpl.java:120)
	at org.junit.internal.runners.ClassRoadie.runUnprotected(ClassRoadie.java:33)
	at org.junit.internal.runners.ClassRoadie.runProtected(ClassRoadie.java:45)
	at org.powermock.modules.junit4.internal.impl.PowerMockJUnit44RunnerDelegateImpl.run(PowerMockJUnit44RunnerDelegateImpl.java:118)
	at org.powermock.modules.junit4.common.internal.impl.JUnit4TestSuiteChunkerImpl.run(JUnit4TestSuiteChunkerImpl.java:101)
	at org.powermock.modules.junit4.common.internal.impl.AbstractCommonPowerMockRunner.run(AbstractCommonPowerMockRunner.java:53)
	at org.powermock.modules.junit4.PowerMockRunner.run(PowerMockRunner.java:53)
	at org.apache.maven.surefire.junit4.JUnit4Provider.execute(JUnit4Provider.java:252)
	at org.apache.maven.surefire.junit4.JUnit4Provider.executeTestSet(JUnit4Provider.java:141)
	at org.apache.maven.surefire.junit4.JUnit4Provider.invoke(JUnit4Provider.java:112)
	at sun.reflect.NativeMethodAccessorImpl.invoke0(Native Method)
	at sun.reflect.NativeMethodAccessorImpl.invoke(NativeMethodAccessorImpl.java:62)
	at sun.reflect.DelegatingMethodAccessorImpl.invoke(DelegatingMethodAccessorImpl.java:43)
	at java.lang.reflect.Method.invoke(Method.java:498)
	at org.apache.maven.surefire.util.ReflectionUtils.invokeMethodWithArray(ReflectionUtils.java:189)
	at org.apache.maven.surefire.booter.ProviderFactory$ProviderProxy.invoke(ProviderFactory.java:165)
	at org.apache.maven.surefire.booter.ProviderFactory.invokeProvider(ProviderFactory.java:85)
	at org.apache.maven.surefire.booter.ForkedBooter.runSuitesInProcess(ForkedBooter.java:115)
	at org.apache.maven.surefire.booter.ForkedBooter.main(ForkedBooter.java:75)
2020-04-18 10:13:12,332 [main] (com.pinterest.secor.parser.PatternDateMessageParser:108) INFO  PatternDateMessageParser: Exception while parsing date Unparseable date: "11111111"
2020-04-18 10:13:12,332 [main] (com.pinterest.secor.parser.PatternDateMessageParser:109) WARN  Unable to get path: Unparseable date: "11111111"
java.text.ParseException: Unparseable date: "2014-07-30 22:53:20"
	at java.text.DateFormat.parse(DateFormat.java:366)
	at com.pinterest.secor.parser.PatternDateMessageParser.extractPartitions(PatternDateMessageParser.java:101)
	at com.pinterest.secor.parser.PatternDateMessageParserTest.testExtractDateWithWrongEntries(PatternDateMessageParserTest.java:113)
	at sun.reflect.NativeMethodAccessorImpl.invoke0(Native Method)
	at sun.reflect.NativeMethodAccessorImpl.invoke(NativeMethodAccessorImpl.java:62)
	at sun.reflect.DelegatingMethodAccessorImpl.invoke(DelegatingMethodAccessorImpl.java:43)
	at java.lang.reflect.Method.invoke(Method.java:498)
	at org.junit.internal.runners.TestMethod.invoke(TestMethod.java:68)
	at org.powermock.modules.junit4.internal.impl.PowerMockJUnit44RunnerDelegateImpl$PowerMockJUnit44MethodRunner.runTestMethod(PowerMockJUnit44RunnerDelegateImpl.java:310)
	at org.junit.internal.runners.MethodRoadie$2.run(MethodRoadie.java:88)
	at org.junit.internal.runners.MethodRoadie.runBeforesThenTestThenAfters(MethodRoadie.java:96)
	at org.powermock.modules.junit4.internal.impl.PowerMockJUnit44RunnerDelegateImpl$PowerMockJUnit44MethodRunner.executeTest(PowerMockJUnit44RunnerDelegateImpl.java:294)
	at org.powermock.modules.junit4.internal.impl.PowerMockJUnit47RunnerDelegateImpl$PowerMockJUnit47MethodRunner.executeTestInSuper(PowerMockJUnit47RunnerDelegateImpl.java:127)
	at org.powermock.modules.junit4.internal.impl.PowerMockJUnit47RunnerDelegateImpl$PowerMockJUnit47MethodRunner.executeTest(PowerMockJUnit47RunnerDelegateImpl.java:82)
	at org.powermock.modules.junit4.internal.impl.PowerMockJUnit44RunnerDelegateImpl$PowerMockJUnit44MethodRunner.runBeforesThenTestThenAfters(PowerMockJUnit44RunnerDelegateImpl.java:282)
	at org.junit.internal.runners.MethodRoadie.runTest(MethodRoadie.java:86)
	at org.junit.internal.runners.MethodRoadie.run(MethodRoadie.java:49)
	at org.powermock.modules.junit4.internal.impl.PowerMockJUnit44RunnerDelegateImpl.invokeTestMethod(PowerMockJUnit44RunnerDelegateImpl.java:207)
	at org.powermock.modules.junit4.internal.impl.PowerMockJUnit44RunnerDelegateImpl.runMethods(PowerMockJUnit44RunnerDelegateImpl.java:146)
	at org.powermock.modules.junit4.internal.impl.PowerMockJUnit44RunnerDelegateImpl$1.run(PowerMockJUnit44RunnerDelegateImpl.java:120)
	at org.junit.internal.runners.ClassRoadie.runUnprotected(ClassRoadie.java:33)
	at org.junit.internal.runners.ClassRoadie.runProtected(ClassRoadie.java:45)
	at org.powermock.modules.junit4.internal.impl.PowerMockJUnit44RunnerDelegateImpl.run(PowerMockJUnit44RunnerDelegateImpl.java:118)
	at org.powermock.modules.junit4.common.internal.impl.JUnit4TestSuiteChunkerImpl.run(JUnit4TestSuiteChunkerImpl.java:101)
	at org.powermock.modules.junit4.common.internal.impl.AbstractCommonPowerMockRunner.run(AbstractCommonPowerMockRunner.java:53)
	at org.powermock.modules.junit4.PowerMockRunner.run(PowerMockRunner.java:53)
	at org.apache.maven.surefire.junit4.JUnit4Provider.execute(JUnit4Provider.java:252)
	at org.apache.maven.surefire.junit4.JUnit4Provider.executeTestSet(JUnit4Provider.java:141)
	at org.apache.maven.surefire.junit4.JUnit4Provider.invoke(JUnit4Provider.java:112)
	at sun.reflect.NativeMethodAccessorImpl.invoke0(Native Method)
	at sun.reflect.NativeMethodAccessorImpl.invoke(NativeMethodAccessorImpl.java:62)
	at sun.reflect.DelegatingMethodAccessorImpl.invoke(DelegatingMethodAccessorImpl.java:43)
	at java.lang.reflect.Method.invoke(Method.java:498)
	at org.apache.maven.surefire.util.ReflectionUtils.invokeMethodWithArray(ReflectionUtils.java:189)
	at org.apache.maven.surefire.booter.ProviderFactory$ProviderProxy.invoke(ProviderFactory.java:165)
	at org.apache.maven.surefire.booter.ProviderFactory.invokeProvider(ProviderFactory.java:85)
	at org.apache.maven.surefire.booter.ForkedBooter.runSuitesInProcess(ForkedBooter.java:115)
	at org.apache.maven.surefire.booter.ForkedBooter.main(ForkedBooter.java:75)
2020-04-18 10:13:12,335 [main] (com.pinterest.secor.parser.PatternDateMessageParser:108) INFO  PatternDateMessageParser: Exception while parsing date Unparseable date: "2014-07-30 22:53:20"
2020-04-18 10:13:12,335 [main] (com.pinterest.secor.parser.PatternDateMessageParser:109) WARN  Unable to get path: Unparseable date: "2014-07-30 22:53:20"
Tests run: 5, Failures: 0, Errors: 0, Skipped: 0, Time elapsed: 0.146 sec
Running com.pinterest.secor.message.MessageTest
Message{topic='testTopic', kafkaPartition=0, offset=123, kafkaKey=, payload=, timestamp=0}
Tests run: 1, Failures: 0, Errors: 0, Skipped: 0, Time elapsed: 0.026 sec
Running com.pinterest.secor.util.FileUtilTest
Tests run: 1, Failures: 0, Errors: 0, Skipped: 0, Time elapsed: 0.076 sec
Running com.pinterest.secor.util.ReflectionUtilTest
Tests run: 8, Failures: 0, Errors: 0, Skipped: 0, Time elapsed: 0.236 sec
Running com.pinterest.secor.io.FileReaderWriterFactoryTest
log4j:WARN No such property [maxFileSize] in org.apache.log4j.DailyRollingFileAppender.
log4j:WARN No such property [maxBackupIndex] in org.apache.log4j.DailyRollingFileAppender.
log4j:ERROR setFile(null,true) call failed.
java.io.FileNotFoundException: /mount/secor/logs/.log (No such file or directory)
	at java.io.FileOutputStream.open0(Native Method)
	at java.io.FileOutputStream.open(FileOutputStream.java:270)
	at java.io.FileOutputStream.<init>(FileOutputStream.java:213)
	at java.io.FileOutputStream.<init>(FileOutputStream.java:133)
	at org.apache.log4j.FileAppender.setFile(FileAppender.java:294)
	at org.apache.log4j.FileAppender.activateOptions(FileAppender.java:165)
	at org.apache.log4j.DailyRollingFileAppender.activateOptions(DailyRollingFileAppender.java:223)
	at org.apache.log4j.config.PropertySetter.activate(PropertySetter.java:307)
	at org.apache.log4j.config.PropertySetter.setProperties(PropertySetter.java:172)
	at org.apache.log4j.config.PropertySetter.setProperties(PropertySetter.java:104)
	at org.apache.log4j.PropertyConfigurator.parseAppender(PropertyConfigurator.java:842)
	at org.apache.log4j.PropertyConfigurator.parseCategory(PropertyConfigurator.java:768)
	at org.apache.log4j.PropertyConfigurator.configureRootCategory(PropertyConfigurator.java:648)
	at org.apache.log4j.PropertyConfigurator.doConfigure(PropertyConfigurator.java:514)
	at org.apache.log4j.PropertyConfigurator.doConfigure(PropertyConfigurator.java:580)
	at org.apache.log4j.helpers.OptionConverter.selectAndConfigure(OptionConverter.java:526)
	at org.apache.log4j.LogManager.<clinit>(LogManager.java:127)
	at org.slf4j.impl.Log4jLoggerFactory.getLogger(Log4jLoggerFactory.java:64)
	at org.slf4j.LoggerFactory.getLogger(LoggerFactory.java:270)
	at org.apache.commons.logging.impl.SLF4JLogFactory.getInstance(SLF4JLogFactory.java:156)
	at org.apache.commons.logging.impl.SLF4JLogFactory.getInstance(SLF4JLogFactory.java:132)
	at org.apache.commons.logging.LogFactory.getLog(LogFactory.java:655)
	at org.apache.commons.configuration.DefaultFileSystem.<init>(DefaultFileSystem.java:44)
	at org.apache.commons.configuration.FileSystem.<clinit>(FileSystem.java:114)
	at org.apache.commons.configuration.AbstractFileConfiguration.<init>(AbstractFileConfiguration.java:127)
	at org.apache.commons.configuration.PropertiesConfiguration.<init>(PropertiesConfiguration.java:238)
	at com.pinterest.secor.io.FileReaderWriterFactoryTest.setupSequenceFileReaderConfig(FileReaderWriterFactoryTest.java:76)
	at com.pinterest.secor.io.FileReaderWriterFactoryTest.testSequenceFileReader(FileReaderWriterFactoryTest.java:174)
	at sun.reflect.NativeMethodAccessorImpl.invoke0(Native Method)
	at sun.reflect.NativeMethodAccessorImpl.invoke(NativeMethodAccessorImpl.java:62)
	at sun.reflect.DelegatingMethodAccessorImpl.invoke(DelegatingMethodAccessorImpl.java:43)
	at java.lang.reflect.Method.invoke(Method.java:498)
	at org.junit.internal.runners.TestMethod.invoke(TestMethod.java:68)
	at org.powermock.modules.junit4.internal.impl.PowerMockJUnit44RunnerDelegateImpl$PowerMockJUnit44MethodRunner.runTestMethod(PowerMockJUnit44RunnerDelegateImpl.java:310)
	at org.junit.internal.runners.MethodRoadie$2.run(MethodRoadie.java:88)
	at org.junit.internal.runners.MethodRoadie.runBeforesThenTestThenAfters(MethodRoadie.java:96)
	at org.powermock.modules.junit4.internal.impl.PowerMockJUnit44RunnerDelegateImpl$PowerMockJUnit44MethodRunner.executeTest(PowerMockJUnit44RunnerDelegateImpl.java:294)
	at org.powermock.modules.junit4.internal.impl.PowerMockJUnit47RunnerDelegateImpl$PowerMockJUnit47MethodRunner.executeTestInSuper(PowerMockJUnit47RunnerDelegateImpl.java:127)
	at org.powermock.modules.junit4.internal.impl.PowerMockJUnit47RunnerDelegateImpl$PowerMockJUnit47MethodRunner.executeTest(PowerMockJUnit47RunnerDelegateImpl.java:82)
	at org.powermock.modules.junit4.internal.impl.PowerMockJUnit44RunnerDelegateImpl$PowerMockJUnit44MethodRunner.runBeforesThenTestThenAfters(PowerMockJUnit44RunnerDelegateImpl.java:282)
	at org.junit.internal.runners.MethodRoadie.runTest(MethodRoadie.java:86)
	at org.junit.internal.runners.MethodRoadie.run(MethodRoadie.java:49)
	at org.powermock.modules.junit4.internal.impl.PowerMockJUnit44RunnerDelegateImpl.invokeTestMethod(PowerMockJUnit44RunnerDelegateImpl.java:207)
	at org.powermock.modules.junit4.internal.impl.PowerMockJUnit44RunnerDelegateImpl.runMethods(PowerMockJUnit44RunnerDelegateImpl.java:146)
	at org.powermock.modules.junit4.internal.impl.PowerMockJUnit44RunnerDelegateImpl$1.run(PowerMockJUnit44RunnerDelegateImpl.java:120)
	at org.junit.internal.runners.ClassRoadie.runUnprotected(ClassRoadie.java:33)
	at org.junit.internal.runners.ClassRoadie.runProtected(ClassRoadie.java:45)
	at org.powermock.modules.junit4.internal.impl.PowerMockJUnit44RunnerDelegateImpl.run(PowerMockJUnit44RunnerDelegateImpl.java:118)
	at org.powermock.modules.junit4.common.internal.impl.JUnit4TestSuiteChunkerImpl.run(JUnit4TestSuiteChunkerImpl.java:101)
	at org.powermock.modules.junit4.common.internal.impl.AbstractCommonPowerMockRunner.run(AbstractCommonPowerMockRunner.java:53)
	at org.powermock.modules.junit4.PowerMockRunner.run(PowerMockRunner.java:53)
	at org.apache.maven.surefire.junit4.JUnit4Provider.execute(JUnit4Provider.java:252)
	at org.apache.maven.surefire.junit4.JUnit4Provider.executeTestSet(JUnit4Provider.java:141)
	at org.apache.maven.surefire.junit4.JUnit4Provider.invoke(JUnit4Provider.java:112)
	at sun.reflect.NativeMethodAccessorImpl.invoke0(Native Method)
	at sun.reflect.NativeMethodAccessorImpl.invoke(NativeMethodAccessorImpl.java:62)
	at sun.reflect.DelegatingMethodAccessorImpl.invoke(DelegatingMethodAccessorImpl.java:43)
	at java.lang.reflect.Method.invoke(Method.java:498)
	at org.apache.maven.surefire.util.ReflectionUtils.invokeMethodWithArray(ReflectionUtils.java:189)
	at org.apache.maven.surefire.booter.ProviderFactory$ProviderProxy.invoke(ProviderFactory.java:165)
	at org.apache.maven.surefire.booter.ProviderFactory.invokeProvider(ProviderFactory.java:85)
	at org.apache.maven.surefire.booter.ForkedBooter.runSuitesInProcess(ForkedBooter.java:115)
	at org.apache.maven.surefire.booter.ForkedBooter.main(ForkedBooter.java:75)
log4j:ERROR Either File or DatePattern options are not set for appender [ROLLINGFILE].
2020-04-18 10:13:19,251 [main] (com.pinterest.secor.io.impl.SequenceFileReaderWriterFactory$SequenceFileWriter:107) INFO  Created sequence file writer: /some_parent_dir/some_topic/some_partition/some_other_partition/10_0_00000000000000000100.gz
2020-04-18 10:13:19,289 [main] (com.pinterest.secor.io.impl.SequenceFileReaderWriterFactory$SequenceFileWriter:107) INFO  Created sequence file writer: /some_parent_dir/some_topic/some_partition/some_other_partition/10_0_00000000000000000100
2020-04-18 10:13:19,311 [main] (com.pinterest.secor.io.impl.SequenceFileReaderWriterFactory$SequenceFileWriter:107) INFO  Created sequence file writer: /some_parent_dir/some_topic/some_partition/some_other_partition/10_0_00000000000000000100.gz
2020-04-18 10:13:19,796 [main] (org.apache.hadoop.io.compress.CodecPool:153) INFO  Got brand-new compressor [null]
2020-04-18 10:13:19,830 [main] (org.apache.hadoop.io.compress.CodecPool:184) INFO  Got brand-new decompressor [null]
Tests run: 4, Failures: 0, Errors: 0, Skipped: 0, Time elapsed: 7.118 sec
Running com.pinterest.secor.io.impl.MessagePackSequenceFileReaderWriterFactoryTest
2020-04-18 10:13:20,533 [main] (org.apache.hadoop.util.NativeCodeLoader:62) WARN  Unable to load native-hadoop library for your platform... using builtin-java classes where applicable
2020-04-18 10:13:20,928 [main] (org.apache.hadoop.io.compress.CodecPool:153) INFO  Got brand-new compressor [.deflate]
2020-04-18 10:13:21,089 [main] (org.apache.hadoop.io.compress.CodecPool:184) INFO  Got brand-new decompressor [.deflate]
Tests run: 1, Failures: 0, Errors: 0, Skipped: 0, Time elapsed: 1.292 sec
Running com.pinterest.secor.io.impl.ThriftParquetFileReaderWriterFactoryTest
2020-04-18 10:13:21,141 [main] (com.pinterest.secor.util.ThriftUtil:68) INFO  Using thrift message class: com.pinterest.secor.thrift.UnitTestMessage for Kafka topic: test-pb-topic
2020-04-18 10:13:22,050 [main] (org.apache.parquet.Log:94) INFO  Pig is not loaded, pig metadata will not be written
2020-04-18 10:13:22,859 [main] (org.apache.parquet.Log:94) INFO  Flushing mem columnStore to file. allocated memory: 74
2020-04-18 10:13:23,110 [main] (org.apache.parquet.Log:94) INFO  written 57B for [timestamp] INT64: 2 values, 16B raw, 16B comp, 1 pages, encodings: [PLAIN]
2020-04-18 10:13:23,112 [main] (org.apache.parquet.Log:94) INFO  written 45B for [requiredField] BINARY: 2 values, 14B raw, 14B comp, 1 pages, encodings: [PLAIN]
2020-04-18 10:13:23,115 [main] (org.apache.parquet.Log:94) INFO  written 35B for [timestampTwo] INT32: 2 values, 2B raw, 2B comp, 1 pages, encodings: [PLAIN_DICTIONARY], dic { 1 entries, 4B raw, 1B comp}
2020-04-18 10:13:23,116 [main] (org.apache.parquet.Log:94) INFO  written 27B for [optionalField] BINARY: 2 values, 6B raw, 6B comp, 1 pages, encodings: [PLAIN]
2020-04-18 10:13:23,116 [main] (org.apache.parquet.Log:94) INFO  written 27B for [enumField] BINARY: 2 values, 6B raw, 6B comp, 1 pages, encodings: [PLAIN]
2020-04-18 10:13:23,117 [main] (org.apache.parquet.Log:94) INFO  written 43B for [timestampThree] INT64: 2 values, 2B raw, 2B comp, 1 pages, encodings: [PLAIN_DICTIONARY], dic { 1 entries, 8B raw, 1B comp}
2020-04-18 10:13:23,401 [main] (com.pinterest.secor.util.ThriftUtil:68) INFO  Using thrift message class: com.pinterest.secor.thrift.UnitTestMessage for Kafka topic: test-pb-topic
2020-04-18 10:13:23,473 [main] (org.apache.parquet.Log:94) INFO  Initiating action with parallelism: 5
2020-04-18 10:13:23,492 [main] (org.apache.parquet.Log:94) INFO  reading another 1 footers
2020-04-18 10:13:23,493 [main] (org.apache.parquet.Log:94) INFO  Initiating action with parallelism: 5
2020-04-18 10:13:23,664 [main] (org.apache.parquet.Log:94) INFO  RecordReader initialized will read a total of 2 records.
2020-04-18 10:13:23,664 [main] (org.apache.parquet.Log:94) INFO  at row 0. reading next block
2020-04-18 10:13:23,679 [main] (org.apache.parquet.Log:94) INFO  block read in memory in 14 ms. row count = 2
Tests run: 1, Failures: 0, Errors: 0, Skipped: 0, Time elapsed: 2.574 sec
Running com.pinterest.secor.io.impl.ProtobufParquetFileReaderWriterFactoryTest
2020-04-18 10:13:23,718 [main] (com.pinterest.secor.util.ProtobufUtil:67) INFO  Using protobuf message class: com.pinterest.secor.protobuf.Messages$UnitTestMessage3 for Kafka topic: test-pb-topic
2020-04-18 10:13:23,973 [main] (org.apache.parquet.Log:94) INFO  Flushing mem columnStore to file. allocated memory: 46
2020-04-18 10:13:23,974 [main] (org.apache.parquet.Log:94) INFO  written 51B for [data] BINARY: 2 values, 20B raw, 20B comp, 1 pages, encodings: [PLAIN]
2020-04-18 10:13:23,975 [main] (org.apache.parquet.Log:94) INFO  written 63B for [timestamp] INT64: 2 values, 22B raw, 22B comp, 1 pages, encodings: [PLAIN]
2020-04-18 10:13:23,976 [main] (com.pinterest.secor.util.ProtobufUtil:67) INFO  Using protobuf message class: com.pinterest.secor.protobuf.Messages$UnitTestMessage3 for Kafka topic: test-pb-topic
2020-04-18 10:13:23,998 [main] (org.apache.parquet.Log:94) INFO  Initiating action with parallelism: 5
2020-04-18 10:13:24,000 [main] (org.apache.parquet.Log:94) INFO  reading another 1 footers
2020-04-18 10:13:24,001 [main] (org.apache.parquet.Log:94) INFO  Initiating action with parallelism: 5
2020-04-18 10:13:24,034 [main] (org.apache.parquet.Log:94) INFO  RecordReader initialized will read a total of 2 records.
2020-04-18 10:13:24,035 [main] (org.apache.parquet.Log:94) INFO  at row 0. reading next block
2020-04-18 10:13:24,036 [main] (org.apache.parquet.Log:94) INFO  block read in memory in 1 ms. row count = 2
Tests run: 1, Failures: 0, Errors: 0, Skipped: 0, Time elapsed: 0.338 sec
Running com.pinterest.secor.io.impl.SequenceFileReaderWriterFactoryTest
2020-04-18 10:13:24,154 [main] (com.pinterest.secor.io.impl.SequenceFileReaderWriterFactory$SequenceFileWriter:107) INFO  Created sequence file writer: /tmp/1587185004045-0/test-topic/part-1/0_1_00000000000000000000.log
2020-04-18 10:13:24,155 [main] (com.pinterest.secor.io.impl.SequenceFileReaderWriterFactory$SequenceFileWriter:125) INFO  Closing sequence file writer: /tmp/1587185004045-0/test-topic/part-1/0_1_00000000000000000000.log
2020-04-18 10:13:24,185 [main] (org.apache.hadoop.io.compress.CodecPool:184) INFO  Got brand-new decompressor [.deflate]
Tests run: 1, Failures: 0, Errors: 0, Skipped: 0, Time elapsed: 0.151 sec
Running com.pinterest.secor.common.FileRegistryTest
log4j:WARN No such property [maxFileSize] in org.apache.log4j.DailyRollingFileAppender.
log4j:WARN No such property [maxBackupIndex] in org.apache.log4j.DailyRollingFileAppender.
log4j:ERROR setFile(null,true) call failed.
java.io.FileNotFoundException: /mount/secor/logs/.log (No such file or directory)
	at java.io.FileOutputStream.open0(Native Method)
	at java.io.FileOutputStream.open(FileOutputStream.java:270)
	at java.io.FileOutputStream.<init>(FileOutputStream.java:213)
	at java.io.FileOutputStream.<init>(FileOutputStream.java:133)
	at org.apache.log4j.FileAppender.setFile(FileAppender.java:294)
	at org.apache.log4j.FileAppender.activateOptions(FileAppender.java:165)
	at org.apache.log4j.DailyRollingFileAppender.activateOptions(DailyRollingFileAppender.java:223)
	at org.apache.log4j.config.PropertySetter.activate(PropertySetter.java:307)
	at org.apache.log4j.config.PropertySetter.setProperties(PropertySetter.java:172)
	at org.apache.log4j.config.PropertySetter.setProperties(PropertySetter.java:104)
	at org.apache.log4j.PropertyConfigurator.parseAppender(PropertyConfigurator.java:842)
	at org.apache.log4j.PropertyConfigurator.parseCategory(PropertyConfigurator.java:768)
	at org.apache.log4j.PropertyConfigurator.configureRootCategory(PropertyConfigurator.java:648)
	at org.apache.log4j.PropertyConfigurator.doConfigure(PropertyConfigurator.java:514)
	at org.apache.log4j.PropertyConfigurator.doConfigure(PropertyConfigurator.java:580)
	at org.apache.log4j.helpers.OptionConverter.selectAndConfigure(OptionConverter.java:526)
	at org.apache.log4j.LogManager.<clinit>(LogManager.java:127)
	at org.slf4j.impl.Log4jLoggerFactory.getLogger(Log4jLoggerFactory.java:64)
	at org.slf4j.LoggerFactory.getLogger(LoggerFactory.java:270)
	at org.apache.commons.logging.impl.SLF4JLogFactory.getInstance(SLF4JLogFactory.java:156)
	at org.apache.commons.logging.impl.SLF4JLogFactory.getInstance(SLF4JLogFactory.java:132)
	at org.apache.commons.logging.LogFactory.getLog(LogFactory.java:655)
	at org.apache.commons.configuration.DefaultFileSystem.<init>(DefaultFileSystem.java:44)
	at org.apache.commons.configuration.FileSystem.<clinit>(FileSystem.java:114)
	at org.apache.commons.configuration.AbstractFileConfiguration.<init>(AbstractFileConfiguration.java:127)
	at org.apache.commons.configuration.PropertiesConfiguration.<init>(PropertiesConfiguration.java:238)
	at com.pinterest.secor.common.FileRegistryTest.setUp(FileRegistryTest.java:57)
	at sun.reflect.NativeMethodAccessorImpl.invoke0(Native Method)
	at sun.reflect.NativeMethodAccessorImpl.invoke(NativeMethodAccessorImpl.java:62)
	at sun.reflect.DelegatingMethodAccessorImpl.invoke(DelegatingMethodAccessorImpl.java:43)
	at java.lang.reflect.Method.invoke(Method.java:498)
	at org.powermock.reflect.internal.WhiteboxImpl.performMethodInvocation(WhiteboxImpl.java:2014)
	at org.powermock.reflect.internal.WhiteboxImpl.doInvokeMethod(WhiteboxImpl.java:885)
	at org.powermock.reflect.internal.WhiteboxImpl.invokeMethod(WhiteboxImpl.java:713)
	at org.powermock.reflect.Whitebox.invokeMethod(Whitebox.java:401)
	at org.powermock.modules.junit4.internal.impl.PowerMockJUnit44RunnerDelegateImpl$PowerMockJUnit44MethodRunner.runTestMethod(PowerMockJUnit44RunnerDelegateImpl.java:307)
	at org.junit.internal.runners.MethodRoadie$2.run(MethodRoadie.java:88)
	at org.junit.internal.runners.MethodRoadie.runBeforesThenTestThenAfters(MethodRoadie.java:96)
	at org.powermock.modules.junit4.internal.impl.PowerMockJUnit44RunnerDelegateImpl$PowerMockJUnit44MethodRunner.executeTest(PowerMockJUnit44RunnerDelegateImpl.java:294)
	at org.powermock.modules.junit4.internal.impl.PowerMockJUnit47RunnerDelegateImpl$PowerMockJUnit47MethodRunner.executeTestInSuper(PowerMockJUnit47RunnerDelegateImpl.java:127)
	at org.powermock.modules.junit4.internal.impl.PowerMockJUnit47RunnerDelegateImpl$PowerMockJUnit47MethodRunner.executeTest(PowerMockJUnit47RunnerDelegateImpl.java:82)
	at org.powermock.modules.junit4.internal.impl.PowerMockJUnit44RunnerDelegateImpl$PowerMockJUnit44MethodRunner.runBeforesThenTestThenAfters(PowerMockJUnit44RunnerDelegateImpl.java:282)
	at org.junit.internal.runners.MethodRoadie.runTest(MethodRoadie.java:86)
	at org.junit.internal.runners.MethodRoadie.run(MethodRoadie.java:49)
	at org.powermock.modules.junit4.internal.impl.PowerMockJUnit44RunnerDelegateImpl.invokeTestMethod(PowerMockJUnit44RunnerDelegateImpl.java:207)
	at org.powermock.modules.junit4.internal.impl.PowerMockJUnit44RunnerDelegateImpl.runMethods(PowerMockJUnit44RunnerDelegateImpl.java:146)
	at org.powermock.modules.junit4.internal.impl.PowerMockJUnit44RunnerDelegateImpl$1.run(PowerMockJUnit44RunnerDelegateImpl.java:120)
	at org.junit.internal.runners.ClassRoadie.runUnprotected(ClassRoadie.java:33)
	at org.junit.internal.runners.ClassRoadie.runProtected(ClassRoadie.java:45)
	at org.powermock.modules.junit4.internal.impl.PowerMockJUnit44RunnerDelegateImpl.run(PowerMockJUnit44RunnerDelegateImpl.java:118)
	at org.powermock.modules.junit4.common.internal.impl.JUnit4TestSuiteChunkerImpl.run(JUnit4TestSuiteChunkerImpl.java:101)
	at org.powermock.modules.junit4.common.internal.impl.AbstractCommonPowerMockRunner.run(AbstractCommonPowerMockRunner.java:53)
	at org.powermock.modules.junit4.PowerMockRunner.run(PowerMockRunner.java:53)
	at org.apache.maven.surefire.junit4.JUnit4Provider.execute(JUnit4Provider.java:252)
	at org.apache.maven.surefire.junit4.JUnit4Provider.executeTestSet(JUnit4Provider.java:141)
	at org.apache.maven.surefire.junit4.JUnit4Provider.invoke(JUnit4Provider.java:112)
	at sun.reflect.NativeMethodAccessorImpl.invoke0(Native Method)
	at sun.reflect.NativeMethodAccessorImpl.invoke(NativeMethodAccessorImpl.java:62)
	at sun.reflect.DelegatingMethodAccessorImpl.invoke(DelegatingMethodAccessorImpl.java:43)
	at java.lang.reflect.Method.invoke(Method.java:498)
	at org.apache.maven.surefire.util.ReflectionUtils.invokeMethodWithArray(ReflectionUtils.java:189)
	at org.apache.maven.surefire.booter.ProviderFactory$ProviderProxy.invoke(ProviderFactory.java:165)
	at org.apache.maven.surefire.booter.ProviderFactory.invokeProvider(ProviderFactory.java:85)
	at org.apache.maven.surefire.booter.ForkedBooter.runSuitesInProcess(ForkedBooter.java:115)
	at org.apache.maven.surefire.booter.ForkedBooter.main(ForkedBooter.java:75)
log4j:ERROR Either File or DatePattern options are not set for appender [ROLLINGFILE].
2020-04-18 10:13:27,111 [main] (com.pinterest.secor.common.FileRegistry:197) INFO  Deleting writer for path /some_parent_dir/some_topic/some_partition/some_other_partition/10_0_00000000000000000100
2020-04-18 10:13:27,176 [main] (com.pinterest.secor.common.FileRegistry:197) INFO  Deleting writer for path /some_parent_dir/some_topic/some_partition/some_other_partition/10_0_00000000000000000100
Tests run: 8, Failures: 0, Errors: 0, Skipped: 0, Time elapsed: 3.499 sec
Running com.pinterest.secor.common.ZookeeperConnectorTest
Tests run: 1, Failures: 0, Errors: 0, Skipped: 0, Time elapsed: 0.008 sec
Running com.pinterest.secor.common.SecorConfigTest
Tests run: 4, Failures: 0, Errors: 0, Skipped: 0, Time elapsed: 0.066 sec
Running com.pinterest.secor.common.LogFilePathTest
Tests run: 5, Failures: 0, Errors: 0, Skipped: 0, Time elapsed: 0.032 sec
Running com.pinterest.secor.timestamp.KafkaMessageTimestampFactoryTest
Tests run: 2, Failures: 0, Errors: 0, Skipped: 0, Time elapsed: 0 sec

Results :

Tests run: 108, Failures: 0, Errors: 0, Skipped: 0

[[1;34mINFO[m] 
[[1;34mINFO[m] [1m--- [0;32mmaven-jar-plugin:2.4:jar[m [1m(default-jar)[m @ [36msecor[0;1m ---[m
[[1;34mINFO[m] Building jar: /var/lib/jenkins/workspace/Build/DataPipeline/Secor/target/secor-0.25-SNAPSHOT.jar
[[1;34mINFO[m] 
[[1;34mINFO[m] [1m--- [0;32mmaven-dependency-plugin:2.8:copy-dependencies[m [1m(default)[m @ [36msecor[0;1m ---[m
[[1;34mINFO[m] Copying commons-lang3-3.4.jar to /var/lib/jenkins/workspace/Build/DataPipeline/Secor/target/lib/commons-lang3-3.4.jar
[[1;34mINFO[m] Copying util-app_2.10-6.8.1.jar to /var/lib/jenkins/workspace/Build/DataPipeline/Secor/target/lib/util-app_2.10-6.8.1.jar
[[1;34mINFO[m] Copying protobuf-java-3.1.0.jar to /var/lib/jenkins/workspace/Build/DataPipeline/Secor/target/lib/protobuf-java-3.1.0.jar
[[1;34mINFO[m] Copying powermock-api-support-1.5.2.jar to /var/lib/jenkins/workspace/Build/DataPipeline/Secor/target/lib/powermock-api-support-1.5.2.jar
[[1;34mINFO[m] Copying parquet-format-2.3.1.jar to /var/lib/jenkins/workspace/Build/DataPipeline/Secor/target/lib/parquet-format-2.3.1.jar
[[1;34mINFO[m] Copying htrace-core-3.1.0-incubating.jar to /var/lib/jenkins/workspace/Build/DataPipeline/Secor/target/lib/htrace-core-3.1.0-incubating.jar
[[1;34mINFO[m] Copying aws-java-sdk-kms-1.11.160.jar to /var/lib/jenkins/workspace/Build/DataPipeline/Secor/target/lib/aws-java-sdk-kms-1.11.160.jar
[[1;34mINFO[m] Copying aopalliance-1.0.jar to /var/lib/jenkins/workspace/Build/DataPipeline/Secor/target/lib/aopalliance-1.0.jar
[[1;34mINFO[m] Copying jersey-json-1.9.jar to /var/lib/jenkins/workspace/Build/DataPipeline/Secor/target/lib/jersey-json-1.9.jar
[[1;34mINFO[m] Copying mockito-all-1.9.5.jar to /var/lib/jenkins/workspace/Build/DataPipeline/Secor/target/lib/mockito-all-1.9.5.jar
[[1;34mINFO[m] Copying hadoop-lzo-0.4.16.jar to /var/lib/jenkins/workspace/Build/DataPipeline/Secor/target/lib/hadoop-lzo-0.4.16.jar
[[1;34mINFO[m] Copying hive-storage-api-2.2.1.jar to /var/lib/jenkins/workspace/Build/DataPipeline/Secor/target/lib/hive-storage-api-2.2.1.jar
[[1;34mINFO[m] Copying joda-time-2.8.1.jar to /var/lib/jenkins/workspace/Build/DataPipeline/Secor/target/lib/joda-time-2.8.1.jar
[[1;34mINFO[m] Copying json-smart-2.0-RC3.jar to /var/lib/jenkins/workspace/Build/DataPipeline/Secor/target/lib/json-smart-2.0-RC3.jar
[[1;34mINFO[m] Copying jsr305-3.0.0.jar to /var/lib/jenkins/workspace/Build/DataPipeline/Secor/target/lib/jsr305-3.0.0.jar
[[1;34mINFO[m] Copying aws-java-sdk-s3-1.11.160.jar to /var/lib/jenkins/workspace/Build/DataPipeline/Secor/target/lib/aws-java-sdk-s3-1.11.160.jar
[[1;34mINFO[m] Copying httpclient-4.5.jar to /var/lib/jenkins/workspace/Build/DataPipeline/Secor/target/lib/httpclient-4.5.jar
[[1;34mINFO[m] Copying protobuf-java-util-3.1.0.jar to /var/lib/jenkins/workspace/Build/DataPipeline/Secor/target/lib/protobuf-java-util-3.1.0.jar
[[1;34mINFO[m] Copying ostrich_2.10-9.2.1.jar to /var/lib/jenkins/workspace/Build/DataPipeline/Secor/target/lib/ostrich_2.10-9.2.1.jar
[[1;34mINFO[m] Copying java-statsd-client-3.0.2.jar to /var/lib/jenkins/workspace/Build/DataPipeline/Secor/target/lib/java-statsd-client-3.0.2.jar
[[1;34mINFO[m] Copying guice-3.0.jar to /var/lib/jenkins/workspace/Build/DataPipeline/Secor/target/lib/guice-3.0.jar
[[1;34mINFO[m] Copying commons-io-2.4.jar to /var/lib/jenkins/workspace/Build/DataPipeline/Secor/target/lib/commons-io-2.4.jar
[[1;34mINFO[m] Copying jersey-core-1.9.jar to /var/lib/jenkins/workspace/Build/DataPipeline/Secor/target/lib/jersey-core-1.9.jar
[[1;34mINFO[m] Copying util-logging_2.10-6.8.1.jar to /var/lib/jenkins/workspace/Build/DataPipeline/Secor/target/lib/util-logging_2.10-6.8.1.jar
[[1;34mINFO[m] Copying commons-logging-1.2.jar to /var/lib/jenkins/workspace/Build/DataPipeline/Secor/target/lib/commons-logging-1.2.jar
[[1;34mINFO[m] Copying jackson-core-asl-1.9.13.jar to /var/lib/jenkins/workspace/Build/DataPipeline/Secor/target/lib/jackson-core-asl-1.9.13.jar
[[1;34mINFO[m] Copying zkclient-0.8.jar to /var/lib/jenkins/workspace/Build/DataPipeline/Secor/target/lib/zkclient-0.8.jar
[[1;34mINFO[m] Copying lz4-1.3.0.jar to /var/lib/jenkins/workspace/Build/DataPipeline/Secor/target/lib/lz4-1.3.0.jar
[[1;34mINFO[m] Copying slf4j-api-1.7.2.jar to /var/lib/jenkins/workspace/Build/DataPipeline/Secor/target/lib/slf4j-api-1.7.2.jar
[[1;34mINFO[m] Copying jersey-guice-1.9.jar to /var/lib/jenkins/workspace/Build/DataPipeline/Secor/target/lib/jersey-guice-1.9.jar
[[1;34mINFO[m] Copying scala-reflect-2.10.0.jar to /var/lib/jenkins/workspace/Build/DataPipeline/Secor/target/lib/scala-reflect-2.10.0.jar
[[1;34mINFO[m] Copying asm-1.0-RC3.jar to /var/lib/jenkins/workspace/Build/DataPipeline/Secor/target/lib/asm-1.0-RC3.jar
[[1;34mINFO[m] Copying powermock-module-junit4-common-1.5.2.jar to /var/lib/jenkins/workspace/Build/DataPipeline/Secor/target/lib/powermock-module-junit4-common-1.5.2.jar
[[1;34mINFO[m] Copying azure-storage-4.0.0.jar to /var/lib/jenkins/workspace/Build/DataPipeline/Secor/target/lib/azure-storage-4.0.0.jar
[[1;34mINFO[m] Copying jmespath-java-1.11.160.jar to /var/lib/jenkins/workspace/Build/DataPipeline/Secor/target/lib/jmespath-java-1.11.160.jar
[[1;34mINFO[m] Copying tools.jar to /var/lib/jenkins/workspace/Build/DataPipeline/Secor/target/lib/jdk.tools-1.8.jar
[[1;34mINFO[m] Copying jersey-client-1.9.jar to /var/lib/jenkins/workspace/Build/DataPipeline/Secor/target/lib/jersey-client-1.9.jar
[[1;34mINFO[m] Copying commons-net-3.1.jar to /var/lib/jenkins/workspace/Build/DataPipeline/Secor/target/lib/commons-net-3.1.jar
[[1;34mINFO[m] Copying kafka_2.10-0.10.0.0.jar to /var/lib/jenkins/workspace/Build/DataPipeline/Secor/target/lib/kafka_2.10-0.10.0.0.jar
[[1;34mINFO[m] Copying jaxb-api-2.2.2.jar to /var/lib/jenkins/workspace/Build/DataPipeline/Secor/target/lib/jaxb-api-2.2.2.jar
[[1;34mINFO[m] Copying collections-0.0.34.jar to /var/lib/jenkins/workspace/Build/DataPipeline/Secor/target/lib/collections-0.0.34.jar
[[1;34mINFO[m] Copying libthrift-0.5.0.jar to /var/lib/jenkins/workspace/Build/DataPipeline/Secor/target/lib/libthrift-0.5.0.jar
[[1;34mINFO[m] Copying scala-compiler-2.10.0.jar to /var/lib/jenkins/workspace/Build/DataPipeline/Secor/target/lib/scala-compiler-2.10.0.jar
[[1;34mINFO[m] Copying commons-lang-2.6.jar to /var/lib/jenkins/workspace/Build/DataPipeline/Secor/target/lib/commons-lang-2.6.jar
[[1;34mINFO[m] Copying powermock-reflect-1.5.2.jar to /var/lib/jenkins/workspace/Build/DataPipeline/Secor/target/lib/powermock-reflect-1.5.2.jar
[[1;34mINFO[m] Copying jackson-jaxrs-1.8.3.jar to /var/lib/jenkins/workspace/Build/DataPipeline/Secor/target/lib/jackson-jaxrs-1.8.3.jar
[[1;34mINFO[m] Copying jetty-sslengine-6.1.26.jar to /var/lib/jenkins/workspace/Build/DataPipeline/Secor/target/lib/jetty-sslengine-6.1.26.jar
[[1;34mINFO[m] Copying hadoop-yarn-common-2.7.5.jar to /var/lib/jenkins/workspace/Build/DataPipeline/Secor/target/lib/hadoop-yarn-common-2.7.5.jar
[[1;34mINFO[m] Copying metrics-core-2.2.0.jar to /var/lib/jenkins/workspace/Build/DataPipeline/Secor/target/lib/metrics-core-2.2.0.jar
[[1;34mINFO[m] Copying zookeeper-3.4.6.jar to /var/lib/jenkins/workspace/Build/DataPipeline/Secor/target/lib/zookeeper-3.4.6.jar
[[1;34mINFO[m] Copying commons-configuration-1.9.jar to /var/lib/jenkins/workspace/Build/DataPipeline/Secor/target/lib/commons-configuration-1.9.jar
[[1;34mINFO[m] Copying xz-1.0.jar to /var/lib/jenkins/workspace/Build/DataPipeline/Secor/target/lib/xz-1.0.jar
[[1;34mINFO[m] Copying parquet-encoding-1.9.0.jar to /var/lib/jenkins/workspace/Build/DataPipeline/Secor/target/lib/parquet-encoding-1.9.0.jar
[[1;34mINFO[m] Copying hadoop-common-2.7.5-tests.jar to /var/lib/jenkins/workspace/Build/DataPipeline/Secor/target/lib/hadoop-common-2.7.5-tests.jar
[[1;34mINFO[m] Copying aws-java-sdk-core-1.11.160.jar to /var/lib/jenkins/workspace/Build/DataPipeline/Secor/target/lib/aws-java-sdk-core-1.11.160.jar
[[1;34mINFO[m] Copying activation-1.1.1.jar to /var/lib/jenkins/workspace/Build/DataPipeline/Secor/target/lib/activation-1.1.1.jar
[[1;34mINFO[m] Copying asm-3.1.jar to /var/lib/jenkins/workspace/Build/DataPipeline/Secor/target/lib/asm-3.1.jar
[[1;34mINFO[m] Copying aircompressor-0.3.jar to /var/lib/jenkins/workspace/Build/DataPipeline/Secor/target/lib/aircompressor-0.3.jar
[[1;34mINFO[m] Copying hadoop-yarn-api-2.7.5.jar to /var/lib/jenkins/workspace/Build/DataPipeline/Secor/target/lib/hadoop-yarn-api-2.7.5.jar
[[1;34mINFO[m] Copying httpcore-4.4.1.jar to /var/lib/jenkins/workspace/Build/DataPipeline/Secor/target/lib/httpcore-4.4.1.jar
[[1;34mINFO[m] Copying gson-2.7.jar to /var/lib/jenkins/workspace/Build/DataPipeline/Secor/target/lib/gson-2.7.jar
[[1;34mINFO[m] Copying quantity-0.0.30.jar to /var/lib/jenkins/workspace/Build/DataPipeline/Secor/target/lib/quantity-0.0.30.jar
[[1;34mINFO[m] Copying javax.inject-1.jar to /var/lib/jenkins/workspace/Build/DataPipeline/Secor/target/lib/javax.inject-1.jar
[[1;34mINFO[m] Copying parquet-common-1.9.0.jar to /var/lib/jenkins/workspace/Build/DataPipeline/Secor/target/lib/parquet-common-1.9.0.jar
[[1;34mINFO[m] Copying elephant-bird-pig-4.4.jar to /var/lib/jenkins/workspace/Build/DataPipeline/Secor/target/lib/elephant-bird-pig-4.4.jar
[[1;34mINFO[m] Copying jackson-core-2.6.0.jar to /var/lib/jenkins/workspace/Build/DataPipeline/Secor/target/lib/jackson-core-2.6.0.jar
[[1;34mINFO[m] Copying hadoop-openstack-2.7.5.jar to /var/lib/jenkins/workspace/Build/DataPipeline/Secor/target/lib/hadoop-openstack-2.7.5.jar
[[1;34mINFO[m] Copying stax-api-1.0-2.jar to /var/lib/jenkins/workspace/Build/DataPipeline/Secor/target/lib/stax-api-1.0-2.jar
[[1;34mINFO[m] Copying jetty-6.1.26.jar to /var/lib/jenkins/workspace/Build/DataPipeline/Secor/target/lib/jetty-6.1.26.jar
[[1;34mINFO[m] Copying guava-18.0.jar to /var/lib/jenkins/workspace/Build/DataPipeline/Secor/target/lib/guava-18.0.jar
[[1;34mINFO[m] Copying servlet-api-2.5.jar to /var/lib/jenkins/workspace/Build/DataPipeline/Secor/target/lib/servlet-api-2.5.jar
[[1;34mINFO[m] Copying parquet-hadoop-1.9.0.jar to /var/lib/jenkins/workspace/Build/DataPipeline/Secor/target/lib/parquet-hadoop-1.9.0.jar
[[1;34mINFO[m] Copying util-core_2.10-6.8.1.jar to /var/lib/jenkins/workspace/Build/DataPipeline/Secor/target/lib/util-core_2.10-6.8.1.jar
[[1;34mINFO[m] Copying hadoop-common-2.7.5.jar to /var/lib/jenkins/workspace/Build/DataPipeline/Secor/target/lib/hadoop-common-2.7.5.jar
[[1;34mINFO[m] Copying base-0.0.38.jar to /var/lib/jenkins/workspace/Build/DataPipeline/Secor/target/lib/base-0.0.38.jar
[[1;34mINFO[m] Copying hadoop-auth-2.7.5.jar to /var/lib/jenkins/workspace/Build/DataPipeline/Secor/target/lib/hadoop-auth-2.7.5.jar
[[1;34mINFO[m] Copying parquet-thrift-1.9.0.jar to /var/lib/jenkins/workspace/Build/DataPipeline/Secor/target/lib/parquet-thrift-1.9.0.jar
[[1;34mINFO[m] Copying log4j-1.2.17.jar to /var/lib/jenkins/workspace/Build/DataPipeline/Secor/target/lib/log4j-1.2.17.jar
[[1;34mINFO[m] Copying jackson-xc-1.8.3.jar to /var/lib/jenkins/workspace/Build/DataPipeline/Secor/target/lib/jackson-xc-1.8.3.jar
[[1;34mINFO[m] Copying curator-framework-2.7.1.jar to /var/lib/jenkins/workspace/Build/DataPipeline/Secor/target/lib/curator-framework-2.7.1.jar
[[1;34mINFO[m] Copying hadoop-aws-2.7.5.jar to /var/lib/jenkins/workspace/Build/DataPipeline/Secor/target/lib/hadoop-aws-2.7.5.jar
[[1;34mINFO[m] Copying curator-recipes-2.7.1.jar to /var/lib/jenkins/workspace/Build/DataPipeline/Secor/target/lib/curator-recipes-2.7.1.jar
[[1;34mINFO[m] Copying snappy-java-1.1.1.6.jar to /var/lib/jenkins/workspace/Build/DataPipeline/Secor/target/lib/snappy-java-1.1.1.6.jar
[[1;34mINFO[m] Copying lock-0.0.7.jar to /var/lib/jenkins/workspace/Build/DataPipeline/Secor/target/lib/lock-0.0.7.jar
[[1;34mINFO[m] Copying hadoop-annotations-2.7.5.jar to /var/lib/jenkins/workspace/Build/DataPipeline/Secor/target/lib/hadoop-annotations-2.7.5.jar
[[1;34mINFO[m] Copying scala-library-2.10.0.jar to /var/lib/jenkins/workspace/Build/DataPipeline/Secor/target/lib/scala-library-2.10.0.jar
[[1;34mINFO[m] Copying commons-compress-1.4.1.jar to /var/lib/jenkins/workspace/Build/DataPipeline/Secor/target/lib/commons-compress-1.4.1.jar
[[1;34mINFO[m] Copying apacheds-kerberos-codec-2.0.0-M15.jar to /var/lib/jenkins/workspace/Build/DataPipeline/Secor/target/lib/apacheds-kerberos-codec-2.0.0-M15.jar
[[1;34mINFO[m] Copying jaxb-impl-2.2.3-1.jar to /var/lib/jenkins/workspace/Build/DataPipeline/Secor/target/lib/jaxb-impl-2.2.3-1.jar
[[1;34mINFO[m] Copying commons-math3-3.1.1.jar to /var/lib/jenkins/workspace/Build/DataPipeline/Secor/target/lib/commons-math3-3.1.1.jar
[[1;34mINFO[m] Copying commons-pool-1.5.4.jar to /var/lib/jenkins/workspace/Build/DataPipeline/Secor/target/lib/commons-pool-1.5.4.jar
[[1;34mINFO[m] Copying hadoop-mapreduce-client-core-2.7.5.jar to /var/lib/jenkins/workspace/Build/DataPipeline/Secor/target/lib/hadoop-mapreduce-client-core-2.7.5.jar
[[1;34mINFO[m] Copying orc-core-1.3.3.jar to /var/lib/jenkins/workspace/Build/DataPipeline/Secor/target/lib/orc-core-1.3.3.jar
[[1;34mINFO[m] Copying objenesis-1.2.jar to /var/lib/jenkins/workspace/Build/DataPipeline/Secor/target/lib/objenesis-1.2.jar
[[1;34mINFO[m] Copying jetty-util-6.1.26.jar to /var/lib/jenkins/workspace/Build/DataPipeline/Secor/target/lib/jetty-util-6.1.26.jar
[[1;34mINFO[m] Copying google-api-client-1.20.0.jar to /var/lib/jenkins/workspace/Build/DataPipeline/Secor/target/lib/google-api-client-1.20.0.jar
[[1;34mINFO[m] Copying hamcrest-core-1.3.jar to /var/lib/jenkins/workspace/Build/DataPipeline/Secor/target/lib/hamcrest-core-1.3.jar
[[1;34mINFO[m] Copying javassist-3.18.0-GA.jar to /var/lib/jenkins/workspace/Build/DataPipeline/Secor/target/lib/javassist-3.18.0-GA.jar
[[1;34mINFO[m] Copying jackson-mapper-asl-1.9.13.jar to /var/lib/jenkins/workspace/Build/DataPipeline/Secor/target/lib/jackson-mapper-asl-1.9.13.jar
[[1;34mINFO[m] Copying jsp-api-2.1.jar to /var/lib/jenkins/workspace/Build/DataPipeline/Secor/target/lib/jsp-api-2.1.jar
[[1;34mINFO[m] Copying google-oauth-client-1.20.0.jar to /var/lib/jenkins/workspace/Build/DataPipeline/Secor/target/lib/google-oauth-client-1.20.0.jar
[[1;34mINFO[m] Copying jsch-0.1.54.jar to /var/lib/jenkins/workspace/Build/DataPipeline/Secor/target/lib/jsch-0.1.54.jar
[[1;34mINFO[m] Copying util-jvm_2.10-6.8.1.jar to /var/lib/jenkins/workspace/Build/DataPipeline/Secor/target/lib/util-jvm_2.10-6.8.1.jar
[[1;34mINFO[m] Copying jersey-server-1.9.jar to /var/lib/jenkins/workspace/Build/DataPipeline/Secor/target/lib/jersey-server-1.9.jar
[[1;34mINFO[m] Copying xmlenc-0.52.jar to /var/lib/jenkins/workspace/Build/DataPipeline/Secor/target/lib/xmlenc-0.52.jar
[[1;34mINFO[m] Copying paranamer-2.3.jar to /var/lib/jenkins/workspace/Build/DataPipeline/Secor/target/lib/paranamer-2.3.jar
[[1;34mINFO[m] Copying scala-json_2.10-3.0.1.jar to /var/lib/jenkins/workspace/Build/DataPipeline/Secor/target/lib/scala-json_2.10-3.0.1.jar
[[1;34mINFO[m] Copying slf4j-log4j12-1.7.2.jar to /var/lib/jenkins/workspace/Build/DataPipeline/Secor/target/lib/slf4j-log4j12-1.7.2.jar
[[1;34mINFO[m] Copying api-util-1.0.0-M20.jar to /var/lib/jenkins/workspace/Build/DataPipeline/Secor/target/lib/api-util-1.0.0-M20.jar
[[1;34mINFO[m] Copying api-asn1-api-1.0.0-M20.jar to /var/lib/jenkins/workspace/Build/DataPipeline/Secor/target/lib/api-asn1-api-1.0.0-M20.jar
[[1;34mINFO[m] Copying client-0.0.7.jar to /var/lib/jenkins/workspace/Build/DataPipeline/Secor/target/lib/client-0.0.7.jar
[[1;34mINFO[m] Copying parquet-pig-1.9.0.jar to /var/lib/jenkins/workspace/Build/DataPipeline/Secor/target/lib/parquet-pig-1.9.0.jar
[[1;34mINFO[m] Copying parquet-jackson-1.9.0.jar to /var/lib/jenkins/workspace/Build/DataPipeline/Secor/target/lib/parquet-jackson-1.9.0.jar
[[1;34mINFO[m] Copying powermock-api-mockito-1.5.2.jar to /var/lib/jenkins/workspace/Build/DataPipeline/Secor/target/lib/powermock-api-mockito-1.5.2.jar
[[1;34mINFO[m] Copying google-http-client-1.20.0.jar to /var/lib/jenkins/workspace/Build/DataPipeline/Secor/target/lib/google-http-client-1.20.0.jar
[[1;34mINFO[m] Copying google-api-services-storage-v1-rev40-1.20.0.jar to /var/lib/jenkins/workspace/Build/DataPipeline/Secor/target/lib/google-api-services-storage-v1-rev40-1.20.0.jar
[[1;34mINFO[m] Copying commons-codec-1.14.jar to /var/lib/jenkins/workspace/Build/DataPipeline/Secor/target/lib/commons-codec-1.14.jar
[[1;34mINFO[m] Copying apacheds-i18n-2.0.0-M15.jar to /var/lib/jenkins/workspace/Build/DataPipeline/Secor/target/lib/apacheds-i18n-2.0.0-M15.jar
[[1;34mINFO[m] Copying jackson-dataformat-msgpack-0.7.0-p2.jar to /var/lib/jenkins/workspace/Build/DataPipeline/Secor/target/lib/jackson-dataformat-msgpack-0.7.0-p2.jar
[[1;34mINFO[m] Copying junit-4.11.jar to /var/lib/jenkins/workspace/Build/DataPipeline/Secor/target/lib/junit-4.11.jar
[[1;34mINFO[m] Copying parquet-protobuf-1.9.0.jar to /var/lib/jenkins/workspace/Build/DataPipeline/Secor/target/lib/parquet-protobuf-1.9.0.jar
[[1;34mINFO[m] Copying kafka-clients-0.10.0.0.jar to /var/lib/jenkins/workspace/Build/DataPipeline/Secor/target/lib/kafka-clients-0.10.0.0.jar
[[1;34mINFO[m] Copying curator-client-2.7.1.jar to /var/lib/jenkins/workspace/Build/DataPipeline/Secor/target/lib/curator-client-2.7.1.jar
[[1;34mINFO[m] Copying elephant-bird-core-4.4.jar to /var/lib/jenkins/workspace/Build/DataPipeline/Secor/target/lib/elephant-bird-core-4.4.jar
[[1;34mINFO[m] Copying json-simple-1.1.jar to /var/lib/jenkins/workspace/Build/DataPipeline/Secor/target/lib/json-simple-1.1.jar
[[1;34mINFO[m] Copying powermock-module-junit4-1.5.2.jar to /var/lib/jenkins/workspace/Build/DataPipeline/Secor/target/lib/powermock-module-junit4-1.5.2.jar
[[1;34mINFO[m] Copying commons-cli-1.2.jar to /var/lib/jenkins/workspace/Build/DataPipeline/Secor/target/lib/commons-cli-1.2.jar
[[1;34mINFO[m] Copying jackson-annotations-2.6.0.jar to /var/lib/jenkins/workspace/Build/DataPipeline/Secor/target/lib/jackson-annotations-2.6.0.jar
[[1;34mINFO[m] Copying base64-2.3.8.jar to /var/lib/jenkins/workspace/Build/DataPipeline/Secor/target/lib/base64-2.3.8.jar
[[1;34mINFO[m] Copying bcprov-jdk15on-1.52.jar to /var/lib/jenkins/workspace/Build/DataPipeline/Secor/target/lib/bcprov-jdk15on-1.52.jar
[[1;34mINFO[m] Copying msgpack-core-0.7.0-p2.jar to /var/lib/jenkins/workspace/Build/DataPipeline/Secor/target/lib/msgpack-core-0.7.0-p2.jar
[[1;34mINFO[m] Copying jcl-over-slf4j-1.7.2.jar to /var/lib/jenkins/workspace/Build/DataPipeline/Secor/target/lib/jcl-over-slf4j-1.7.2.jar
[[1;34mINFO[m] Copying parquet-column-1.9.0.jar to /var/lib/jenkins/workspace/Build/DataPipeline/Secor/target/lib/parquet-column-1.9.0.jar
[[1;34mINFO[m] Copying jets3t-0.9.4.jar to /var/lib/jenkins/workspace/Build/DataPipeline/Secor/target/lib/jets3t-0.9.4.jar
[[1;34mINFO[m] Copying util-eval_2.10-6.8.1.jar to /var/lib/jenkins/workspace/Build/DataPipeline/Secor/target/lib/util-eval_2.10-6.8.1.jar
[[1;34mINFO[m] Copying aws-java-sdk-sts-1.11.160.jar to /var/lib/jenkins/workspace/Build/DataPipeline/Secor/target/lib/aws-java-sdk-sts-1.11.160.jar
[[1;34mINFO[m] Copying jackson-databind-2.6.6.jar to /var/lib/jenkins/workspace/Build/DataPipeline/Secor/target/lib/jackson-databind-2.6.6.jar
[[1;34mINFO[m] Copying elephant-bird-hadoop-compat-4.4.jar to /var/lib/jenkins/workspace/Build/DataPipeline/Secor/target/lib/elephant-bird-hadoop-compat-4.4.jar
[[1;34mINFO[m] Copying net-util-0.0.29.jar to /var/lib/jenkins/workspace/Build/DataPipeline/Secor/target/lib/net-util-0.0.29.jar
[[1;34mINFO[m] Copying commons-collections-3.2.2.jar to /var/lib/jenkins/workspace/Build/DataPipeline/Secor/target/lib/commons-collections-3.2.2.jar
[[1;34mINFO[m] Copying jettison-1.1.jar to /var/lib/jenkins/workspace/Build/DataPipeline/Secor/target/lib/jettison-1.1.jar
[[1;34mINFO[m] Copying jopt-simple-4.9.jar to /var/lib/jenkins/workspace/Build/DataPipeline/Secor/target/lib/jopt-simple-4.9.jar
[[1;34mINFO[m] Copying powermock-core-1.5.2.jar to /var/lib/jenkins/workspace/Build/DataPipeline/Secor/target/lib/powermock-core-1.5.2.jar
[[1;34mINFO[m] Copying google-http-client-jackson2-1.20.0.jar to /var/lib/jenkins/workspace/Build/DataPipeline/Secor/target/lib/google-http-client-jackson2-1.20.0.jar
[[1;34mINFO[m] Copying jackson-dataformat-cbor-2.6.6.jar to /var/lib/jenkins/workspace/Build/DataPipeline/Secor/target/lib/jackson-dataformat-cbor-2.6.6.jar
[[1;34mINFO[m] Copying guice-servlet-3.0.jar to /var/lib/jenkins/workspace/Build/DataPipeline/Secor/target/lib/guice-servlet-3.0.jar
[[1;34mINFO[m] Copying ion-java-1.0.2.jar to /var/lib/jenkins/workspace/Build/DataPipeline/Secor/target/lib/ion-java-1.0.2.jar
[[1;34mINFO[m] Copying java-xmlbuilder-1.1.jar to /var/lib/jenkins/workspace/Build/DataPipeline/Secor/target/lib/java-xmlbuilder-1.1.jar
[[1;34mINFO[m] Copying avro-1.7.4.jar to /var/lib/jenkins/workspace/Build/DataPipeline/Secor/target/lib/avro-1.7.4.jar
[[1;34mINFO[m] Copying netty-3.6.2.Final.jar to /var/lib/jenkins/workspace/Build/DataPipeline/Secor/target/lib/netty-3.6.2.Final.jar
[[1;34mINFO[m] Copying util-system-mocks-0.0.26.jar to /var/lib/jenkins/workspace/Build/DataPipeline/Secor/target/lib/util-system-mocks-0.0.26.jar
[[1;34mINFO[m] Copying commons-httpclient-3.1.jar to /var/lib/jenkins/workspace/Build/DataPipeline/Secor/target/lib/commons-httpclient-3.1.jar
[[1;34mINFO[m] 
[[1;34mINFO[m] [1m--- [0;32mmaven-assembly-plugin:2.2-beta-5:single[m [1m(create-distribution)[m @ [36msecor[0;1m ---[m
[[1;34mINFO[m] Reading assembly descriptor: src/main/assembly/secor.xml
[[1;34mINFO[m] artifact commons-codec:commons-codec: checking for updates from Twitter public Maven repo
[[1;34mINFO[m] artifact commons-codec:commons-codec: checking for updates from Typesafe public Maven repo
[[1;34mINFO[m] artifact commons-codec:commons-codec: checking for updates from central
[[1;34mINFO[m] Building tar : /var/lib/jenkins/workspace/Build/DataPipeline/Secor/target/secor-0.25-SNAPSHOT-bin.tar.gz
[[1;34mINFO[m] 
[[1;34mINFO[m] [1m--- [0;32mlicense-maven-plugin:1.6:download-licenses[m [1m(download-licenses)[m @ [36msecor[0;1m ---[m
[[1;33mWARNING[m] POM for dependency aopalliance:aopalliance has an invalid license URL: null
[[1;33mWARNING[m] No license information available for: asm:asm
[[1;33mWARNING[m] No license information available for: com.hadoop.gplcompression:hadoop-lzo
[[1;33mWARNING[m] POM for dependency com.sun.xml.bind:jaxb-impl has a license URL that returns file not found: https://glassfish.java.net/public/CDDL+GPL_1_1.html
[[1;33mWARNING[m] POM for dependency com.thoughtworks.paranamer:paranamer has an invalid license URL: LICENSE.txt
[[1;33mWARNING[m] No license information available for: com.twitter.common:base
[[1;33mWARNING[m] No license information available for: com.twitter.common:collections
[[1;33mWARNING[m] No license information available for: com.twitter.common:net-util
[[1;33mWARNING[m] No license information available for: com.twitter.common:quantity
[[1;33mWARNING[m] No license information available for: com.twitter.common:util-system-mocks
[[1;33mWARNING[m] No license information available for: com.twitter.common.zookeeper:client
[[1;33mWARNING[m] No license information available for: com.twitter.common.zookeeper:lock
[[1;33mWARNING[m] Unable to retrieve license for dependency: javax.activation:activation
[[1;33mWARNING[m] https://glassfish.dev.java.net/public/CDDLv1.0.html
[[1;33mWARNING[m] java.security.cert.CertificateException: No subject alternative DNS name matching glassfish.dev.java.net found.
[[1;33mWARNING[m] No license information available for: javax.servlet:servlet-api
[[1;33mWARNING[m] No license information available for: javax.servlet.jsp:jsp-api
[[1;33mWARNING[m] Unable to retrieve license for dependency: javax.xml.bind:jaxb-api
[[1;33mWARNING[m] https://glassfish.dev.java.net/public/CDDL+GPL_1_1.html
[[1;33mWARNING[m] java.security.cert.CertificateException: No subject alternative DNS name matching glassfish.dev.java.net found.
[[1;33mWARNING[m] POM for dependency net.iharder:base64 has an invalid license URL: null
[[1;33mWARNING[m] No license information available for: org.apache.thrift:libthrift
[[1;33mWARNING[m] No license information available for: org.apache.zookeeper:zookeeper
[[1;33mWARNING[m] No license information available for: org.codehaus.jettison:jettison
[[1;33mWARNING[m] POM for dependency org.tukaani:xz has an invalid license URL: null
[[1;34mINFO[m] 
[[1;34mINFO[m] [1m--- [0;32mmaven-jar-plugin:2.4:test-jar[m [1m(default)[m @ [36msecor[0;1m ---[m
[[1;34mINFO[m] Building jar: /var/lib/jenkins/workspace/Build/DataPipeline/Secor/target/secor-0.25-SNAPSHOT-tests.jar
[[1;34mINFO[m] 
[[1;34mINFO[m] [1m--- [0;32mmaven-install-plugin:2.4:install[m [1m(default-install)[m @ [36msecor[0;1m ---[m
[[1;34mINFO[m] Installing /var/lib/jenkins/workspace/Build/DataPipeline/Secor/target/secor-0.25-SNAPSHOT.jar to /var/lib/jenkins/.m2/repository/com/pinterest/secor/0.25-SNAPSHOT/secor-0.25-SNAPSHOT.jar
[[1;34mINFO[m] Installing /var/lib/jenkins/workspace/Build/DataPipeline/Secor/pom.xml to /var/lib/jenkins/.m2/repository/com/pinterest/secor/0.25-SNAPSHOT/secor-0.25-SNAPSHOT.pom
[[1;34mINFO[m] Installing /var/lib/jenkins/workspace/Build/DataPipeline/Secor/target/secor-0.25-SNAPSHOT-bin.tar.gz to /var/lib/jenkins/.m2/repository/com/pinterest/secor/0.25-SNAPSHOT/secor-0.25-SNAPSHOT-bin.tar.gz
[[1;34mINFO[m] Installing /var/lib/jenkins/workspace/Build/DataPipeline/Secor/target/secor-0.25-SNAPSHOT-tests.jar to /var/lib/jenkins/.m2/repository/com/pinterest/secor/0.25-SNAPSHOT/secor-0.25-SNAPSHOT-tests.jar
[[1;34mINFO[m] [1m------------------------------------------------------------------------[m
[[1;34mINFO[m] [1;32mBUILD SUCCESS[m
[[1;34mINFO[m] [1m------------------------------------------------------------------------[m
[[1;34mINFO[m] Total time:  02:00 min
[[1;34mINFO[m] Finished at: 2020-04-18T10:14:29+05:30
[[1;34mINFO[m] [1m------------------------------------------------------------------------[m
[8mha:////4MJHEew4UObD+s+7pI+7TiinvQh08g3YsckR6ZB7t/IKAAAApB+LCAAAAAAAAP9tjTEOwjAQBC9BFLSUPOKi0CFEldZKwwtMbIwT687YDknFi/gaf8AiEhVbrHa2mdcb1jHAiYPBXtNgKXYWvRtNXjhxGK6OJ+z5gh1TZKex1VPLSjcLtpw0LClKWAnYaOocR0smwVb08iErJ8lU5xTydxRQWnWHJxQim5MM6QtzgN1tVJHp5/krgNn7BOW+zlUfPiXWgpW+AAAA[0m[Pipeline] }
[8mha:////4NKZn694yRd5ciBrwfxh0XbNOtesBwH7FT0l+o55M7bUAAAApR+LCAAAAAAAAP9tjTEOwjAQBC9BFLSUPMIRqZAQVVorDS8w8WGcWHfGdkgqXsTX+AMWkajYYrWzzbzesI4BThyM6JEGS7GzwrvR5CUmDsPV8SR6voiOKbJD0eLUssZmwZYTwpKihJWEDVLnOFoyCbayVw9VOUWmOqeQv6OE0uo7PKGQ2ZxUSF+YA+xuo45MP89fAczeJyjrOtf+8AEdlBFkvgAAAA==[0m[Pipeline] // stage
[8mha:////4PRHWijJkn+6ibSYXEyIDSkmqLKXGWxS2kdV24TLa+ZeAAAAph+LCAAAAAAAAP9tjTEOwjAQBM9BKWgpeYQjAR2iorXc8AITG+PEugv2haTiRXyNPxCIRMVWOyut5vmCMic4UPKycdgGzHWQXez91ORAqb1EGmRDZ1kTZopOajdosu44oyZ2MEcUsFCwdFhHygE9w0o15m6qaNBXJ07TtldQBHuDBwg1mdkk/sKYYH3tbSb8ef4KYOwYxI6h2Gw/x/INhYxW5sEAAAA=[0m[Pipeline] stage
[8mha:////4OHd0qxZ2ZbL6012ccHSRqTWYpj4sMjBGZ6KJBLr3YMcAAAApx+LCAAAAAAAAP9tjTEOwjAUQ3+LOrAycohUAjbE1DXKwglCE0La6P/yk9JOnIircQdaKjHhwbItWe/1hiIynIidaCy2HmPtRRd6NyUxELfXQINo6CJqwkjBCmUHRcZWS1WULCzKclhJWFusA0WPLsFGNvqhy6DRlefE03aUkHtzhydkciInzelbRobtrTeR8Mf5C4CxS5Dv9rMd5mfxAd6e6VPCAAAA[0m[Pipeline] { (Archive artifacts)
[8mha:////4Ck+LLQSjQ9O4lZnRSOyPt9otq63sBda3rx2aO1G79k3AAAApB+LCAAAAAAAAP9tjTEOwjAQBC9BFLSUPOIiIagQVVrLDS8wsTFOrDtjOyQVL+Jr/IFAJCq2WO1sM88XLFOEI0eLraHOUWocBt/baeHAsbt4HrDlMzZMib1BaQbJ2tQzSs4G5hQlLASsDDWekyObYS1adVeVV2SrU47TdxBQOn2DBxRiMmcV8xfGCJtrrxPTz/NXAGPIUG53n9qHN38C26S+AAAA[0m[Pipeline] sh
+ mkdir secor_artifacts
+ cp target/secor-0.25-SNAPSHOT-bin.tar.gz secor_artifacts
+ zip -j secor_artifacts.zip:secor-0.25 secor_artifacts/secor-0.25-SNAPSHOT-bin.tar.gz
  adding: secor-0.25-SNAPSHOT-bin.tar.gz (deflated 0%)
[8mha:////4B9NqtoZYul7EW2nDPZl9BNR/J72bgfOfXII3UY8Zf3gAAAApR+LCAAAAAAAAP9tjTEOwjAQBC9BFLSUPOIiIUSDqNJabniBiY1xYt0Z2yGpeBFf4w8EIlGxxWpnm3m+YJkiHDlabA11jlLjMPjeTgsHjt3F84Atn7FhSuwNSjNI1qaeUXI2MKcoYSFgZajxnBzZDGvRqruqvCJbnXKcvoOA0ukbPKAQkzmrmL8wRthce52Yfp6/AhhDhnK7+9Q+vAG8UfaPvgAAAA==[0m[Pipeline] step
Archiving artifacts
Recording fingerprints
[8mha:////4JlRR+HY4U22K+DJnLOc1vr1mT0P0gSViF7+jk/Nr3DOAAAApR+LCAAAAAAAAP9tjTEOwjAQBC9BFLSUPOIiISQKRJXWcsMLTGyME+vO2A5JxYv4Gn8gEImKLVY728zzBcsU4cjRYmuoc5Qah8H3dlo4cOwungds+YwNU2JvUJpBsjb1jJKzgTlFCQsBK0ON5+TIZliLVt1V5RXZ6pTj9B0ElE7f4AGFmMxZxfyFMcLm2uvE9PP8FcAYMpTb3af24Q39YO2WvgAAAA==[0m[Pipeline] sh
+ echo {"artifact_name" : "secor_artifacts.zip", "artifact_version" : "secor-0.25", "node_name" : "master"}
[8mha:////4PRF2kpI/vqYZhXqfzP/s+y6BPiR23YjKgZk/s2U17O8AAAApR+LCAAAAAAAAP9tjTEOwjAQBC9BFLSUPOIiIQokRJXWcsMLTGyME+vO2A5JxYv4Gn8gEImKLVY728zzBcsU4cjRYmuoc5Qah8H3dlo4cOwungds+YwNU2JvUJpBsjb1jJKzgTlFCQsBK0ON5+TIZliLVt1V5RXZ6pTj9B0ElE7f4AGFmMxZxfyFMcLm2uvE9PP8FcAYMpTb3af24Q0yfHURvgAAAA==[0m[Pipeline] archiveArtifacts
Archiving artifacts
[8mha:////4ABqZXFRektwmj0YJd1IWubl4LSdSZ2SaV/LZvKm1OnKAAAApR+LCAAAAAAAAP9tjTEOwjAQBC9BFLSUPOIiIRqEqNJabniBiY1xYt0Z2yGpeBFf4w8EIlGxxWpnm3m+YJkiHDlabA11jlLjMPjeTgsHjt3F84Atn7FhSuwNSjNI1qaeUXI2MKcoYSFgZajxnBzZDGvRqruqvCJbnXKcvoOA0ukbPKAQkzmrmL8wRthce52Yfp6/AhhDyFBu95/avQE2e00svgAAAA==[0m[Pipeline] }
[8mha:////4KqH7ESG0ePCRPifqjk2abLD6aWg06NqEpzW9HEdgWI6AAAApB+LCAAAAAAAAP9tjTEOwjAQBC9BFLSUPOKCSImo0lppeIGJjXFi3RnbIal4EV/jD1hEomKL1c4283rDOgY4cTDYaxosxc6id6PJCycOw9XxhD1fsGOK7DS2empZ6WbBlpOGJUUJKwEbTZ3jaMkk2IpePmTlJJnqnEL+jgJKq+7whEJkc5IhfWEOsLuNKjL9PH8FMHufoKz3uQ71B+m0UTO+AAAA[0m[Pipeline] // stage
[8mha:////4GpEsMNLhaFLrVAObFGxw/DVyDekIB6YQUuZSWlXqVxcAAAAox+LCAAAAAAAAP9tjTEOwjAQBDdBFLSUPMIRgg5R0VppeIFJjHFi3QX7QlLxIr7GH4iIRMVWO9PM641lijhydKqx1HpKlVdd6N301MCxvQYeVMMXVTElDlaVdii5tqcZSxaLeVmOhcbKUhU4eXKCtW7MwxTBkCvOEid30Mh9fccTmZ7KYqJ8YYzY3Po6Mf06fwMYu06Q77aCbP8BPqPtor0AAAA=[0m[Pipeline] }
[8mha:////4CF3YId93yx6R1Plhe0XrhiHr1w2VgWF2xPWKawXJ3M/AAAAoh+LCAAAAAAAAP9tjbEOgjAURS8YB1dHP6IkMhon14bFL6hQa6F5D9uHMPlF/pr/IJHEyTvdc5bzemOdIo4cnWotdZ5S7VUfBjc/NXLsroFH1fJF1UyJg1WVHStu7GnBisViWZZjpbGxVAdOnpxgq1vzMEUw5IqzxNkdNHLf3PFEpueymChfmCJ2t6FJTL/O3wCmvhfk5V6QlR9NTCl7vQAAAA==[0m[Pipeline] // node
[8mha:////4LfzjtbiqA0HJdIq2sxqb4SVHCZaBlOlINr2yAC70sE9AAAAoh+LCAAAAAAAAP9tjbEOgjAURS8YB1dHP6IkMhon14bFL6hQa6F5D9uHMPlF/pr/IJHEyTvdc5bzemOdIo4cnWotdZ5S7VUfBjc/NXLsroFH1fJF1UyJg1WVHStu7GnBisViWZZjpbGxVAdOnpxgq1vzMEUw5IqzxNkdNHLf3PFEpueymChfmCJ2t6FJTL/O3wCmvhfkZSnI9h9rVU4xvQAAAA==[0m[Pipeline] End of Pipeline
Triggering a new build of [8mha:////4C64PNmmD7t/H6TUlGsNrAeaLzjSmuTOVTjaHW4ipu1oAAAAuR+LCAAAAAAAAP9b85aBtbiIQTGjNKU4P08vOT+vOD8nVc83PyU1x6OyILUoJzMv2y+/JJUBAhiZGBgqihhk0NSjKDWzXb3RdlLBUSYGJk8GtpzUvPSSDB8G5tKinBIGIZ+sxLJE/ZzEvHT94JKizLx0a6BxUmjGOUNodHsLgAztEgZz/az8JH3HopLMtMTkktCCnPzEFLBQSmoZmHZJLEkMyCxIBTooFSwQnJqcX6QPAFwN1/fsAAAA[0mArtifactUpload » dev » DataPipeline » Secor #1
Finished: SUCCESS
